Base path: C:/Program Files/Unity/Editor/Data
Cmd: initializeCompiler
Cmd: compileComputeKernel
  api=4 insize=8599656 outsize=2133 ok=1
Cmd: compileComputeKernel
  api=4 insize=8599656 outsize=8677 ok=1
Cmd: compileComputeKernel
  api=4 insize=8599656 outsize=13229 ok=1
Cmd: compileComputeKernel
  api=4 insize=8599656 outsize=201 ok=1
Cmd: compileComputeKernel
  api=4 insize=8599656 outsize=201 ok=1
Cmd: compileComputeKernel
  api=4 insize=8599656 outsize=10965 ok=1
Cmd: compileComputeKernel
  api=4 insize=8599656 outsize=15405 ok=1
Cmd: compileComputeKernel
  api=4 insize=8599656 outsize=2453 ok=1
Cmd: compileComputeKernel
  api=4 insize=8599656 outsize=6509 ok=1
Cmd: compileComputeKernel
  api=4 insize=8599656 outsize=201 ok=1
Cmd: compileComputeKernel
  api=4 insize=8599656 outsize=201 ok=1
Cmd: compileComputeKernel
  api=4 insize=8599656 outsize=14785 ok=1
Cmd: compileComputeKernel
  api=4 insize=8599656 outsize=201 ok=1
Cmd: compileComputeKernel
  api=4 insize=8599656 outsize=201 ok=1
Cmd: compileComputeKernel
  api=4 insize=8599656 outsize=12401 ok=1
Cmd: compileComputeKernel
  api=4 insize=8599656 outsize=17005 ok=1
Cmd: compileComputeKernel
  api=4 insize=8599656 outsize=201 ok=1
Cmd: compileComputeKernel
  api=4 insize=8599656 outsize=201 ok=1
Cmd: compileComputeKernel
  api=4 insize=8599656 outsize=201 ok=1
Cmd: compileComputeKernel
  api=4 insize=8599656 outsize=201 ok=1
Cmd: compileComputeKernel
  api=4 insize=8599656 outsize=201 ok=1
Cmd: compileComputeKernel
  api=4 insize=8599656 outsize=201 ok=1
Cmd: compileComputeKernel
  api=4 insize=8599656 outsize=201 ok=1
Cmd: compileComputeKernel
  api=4 insize=8599656 outsize=201 ok=1
Cmd: compileComputeKernel
  api=4 insize=8599656 outsize=201 ok=1
Cmd: compileComputeKernel
  api=4 insize=8599656 outsize=2849 ok=1
Cmd: compileComputeKernel
  api=4 insize=8599656 outsize=7273 ok=1
Cmd: compileComputeKernel
  api=4 insize=8599656 outsize=201 ok=1
Cmd: compileComputeKernel
  api=4 insize=8599656 outsize=201 ok=1
Cmd: compileComputeKernel
  api=4 insize=8599656 outsize=18505 ok=1
Cmd: compileComputeKernel
  api=4 insize=8599656 outsize=12981 ok=1
Cmd: compileComputeKernel
  api=4 insize=8599656 outsize=201 ok=1
Cmd: compileComputeKernel
  api=4 insize=8599656 outsize=20909 ok=1
Cmd: compileComputeKernel
  api=4 insize=8599656 outsize=201 ok=1
Cmd: compileComputeKernel
  api=4 insize=8599656 outsize=201 ok=1
Cmd: compileComputeKernel
  api=4 insize=8599656 outsize=201 ok=1
Cmd: compileComputeKernel
  api=4 insize=8599656 outsize=201 ok=1
Cmd: compileComputeKernel
  api=4 insize=8599656 outsize=201 ok=1
Cmd: compileComputeKernel
  api=4 insize=8599656 outsize=201 ok=1
Cmd: compileComputeKernel
  api=4 insize=8599656 outsize=201 ok=1
Cmd: compileComputeKernel
  api=4 insize=8599656 outsize=2269 ok=1
Cmd: compileComputeKernel
  api=4 insize=8599656 outsize=6693 ok=1
Cmd: compileComputeKernel
  api=4 insize=8599656 outsize=201 ok=1
Cmd: compileComputeKernel
  api=4 insize=8599656 outsize=201 ok=1
Cmd: compileComputeKernel
  api=4 insize=8599656 outsize=17741 ok=1
Cmd: compileComputeKernel
  api=4 insize=8599656 outsize=201 ok=1
Cmd: compileComputeKernel
  api=4 insize=8599656 outsize=12585 ok=1
Cmd: compileComputeKernel
  api=4 insize=8599656 outsize=17189 ok=1
Cmd: compileComputeKernel
  api=4 insize=8599656 outsize=201 ok=1
Cmd: compileComputeKernel
  api=4 insize=8599656 outsize=201 ok=1
Cmd: compileComputeKernel
  api=4 insize=8599656 outsize=201 ok=1
Cmd: compileComputeKernel
  api=4 insize=8599656 outsize=201 ok=1
Cmd: compileComputeKernel
  api=4 insize=8599656 outsize=201 ok=1
Cmd: compileComputeKernel
  api=4 insize=8599656 outsize=201 ok=1
Cmd: compileComputeKernel
  api=4 insize=8599656 outsize=201 ok=1
Cmd: compileComputeKernel
  api=4 insize=8599656 outsize=201 ok=1
Cmd: compileComputeKernel
  api=4 insize=8599656 outsize=3185 ok=1
Cmd: compileComputeKernel
  api=4 insize=8599656 outsize=7425 ok=1
Cmd: compileComputeKernel
  api=4 insize=8599656 outsize=201 ok=1
Cmd: compileComputeKernel
  api=4 insize=8599656 outsize=201 ok=1
Cmd: compileComputeKernel
  api=4 insize=8599656 outsize=15421 ok=1
Cmd: compileComputeKernel
  api=4 insize=8599656 outsize=201 ok=1
Cmd: compileComputeKernel
  api=4 insize=8599656 outsize=201 ok=1
Cmd: compileComputeKernel
  api=4 insize=8599656 outsize=10361 ok=1
Cmd: compileComputeKernel
  api=4 insize=8599656 outsize=201 ok=1
Cmd: compileComputeKernel
  api=4 insize=8599656 outsize=21157 ok=1
Cmd: compileComputeKernel
  api=4 insize=8599656 outsize=201 ok=1
Cmd: compileComputeKernel
  api=4 insize=8599656 outsize=201 ok=1
Cmd: compileComputeKernel
  api=4 insize=8599656 outsize=201 ok=1
Cmd: compileComputeKernel
  api=4 insize=8599656 outsize=201 ok=1
Cmd: compileComputeKernel
  api=4 insize=8599656 outsize=201 ok=1
Cmd: compileComputeKernel
  api=4 insize=8599656 outsize=201 ok=1
Cmd: compileComputeKernel
  api=4 insize=8599656 outsize=201 ok=1
Cmd: compileComputeKernel
  api=4 insize=8599656 outsize=2269 ok=1
Cmd: compileComputeKernel
  api=4 insize=8599656 outsize=6509 ok=1
Cmd: compileComputeKernel
  api=4 insize=8599656 outsize=201 ok=1
Cmd: compileComputeKernel
  api=4 insize=8599656 outsize=201 ok=1
Cmd: compileComputeKernel
  api=4 insize=8599656 outsize=14785 ok=1
Cmd: compileComputeKernel
  api=4 insize=8599656 outsize=201 ok=1
Cmd: compileComputeKernel
  api=4 insize=8599656 outsize=9261 ok=1
Cmd: compileComputeKernel
  api=4 insize=8599656 outsize=201 ok=1
Cmd: compileComputeKernel
  api=4 insize=8599656 outsize=201 ok=1
Cmd: compileComputeKernel
  api=4 insize=8599656 outsize=17189 ok=1
Cmd: compileComputeKernel
  api=4 insize=8599656 outsize=201 ok=1
Cmd: compileComputeKernel
  api=4 insize=8599656 outsize=201 ok=1
Cmd: compileComputeKernel
  api=4 insize=8599656 outsize=201 ok=1
Cmd: compileComputeKernel
  api=4 insize=8599656 outsize=201 ok=1
Cmd: compileComputeKernel
  api=4 insize=8599656 outsize=201 ok=1
Cmd: compileComputeKernel
  api=4 insize=8599656 outsize=201 ok=1
Cmd: compileComputeKernel
  api=4 insize=8599656 outsize=201 ok=1
Cmd: compileComputeKernel
  api=4 insize=8599656 outsize=201 ok=1
Cmd: compileComputeKernel
  api=4 insize=8599656 outsize=4889 ok=1
Cmd: compileComputeKernel
  api=4 insize=8599656 outsize=9129 ok=1
Cmd: compileComputeKernel
  api=4 insize=8599656 outsize=201 ok=1
Cmd: compileComputeKernel
  api=4 insize=8599656 outsize=201 ok=1
Cmd: compileComputeKernel
  api=4 insize=8599656 outsize=17309 ok=1
Cmd: compileComputeKernel
  api=4 insize=8599656 outsize=201 ok=1
Cmd: compileComputeKernel
  api=4 insize=8599656 outsize=201 ok=1
Cmd: compileComputeKernel
  api=4 insize=8599656 outsize=15205 ok=1
Cmd: compileComputeKernel
  api=4 insize=8599656 outsize=22765 ok=1
Cmd: compileComputeKernel
  api=4 insize=8599656 outsize=201 ok=1
Cmd: compileComputeKernel
  api=4 insize=8599656 outsize=201 ok=1
Cmd: compileComputeKernel
  api=4 insize=8599656 outsize=201 ok=1
Cmd: compileComputeKernel
  api=4 insize=8599656 outsize=201 ok=1
Cmd: compileComputeKernel
  api=4 insize=8599656 outsize=201 ok=1
Cmd: compileComputeKernel
  api=4 insize=8599656 outsize=201 ok=1
Cmd: compileComputeKernel
  api=4 insize=8599656 outsize=201 ok=1
Cmd: compileComputeKernel
  api=4 insize=8599656 outsize=201 ok=1
Cmd: compileComputeKernel
  api=4 insize=8599656 outsize=201 ok=1
Cmd: compileComputeKernel
  api=4 insize=8599656 outsize=201 ok=1
Cmd: compileComputeKernel
  api=4 insize=8599656 outsize=201 ok=1
Cmd: compileComputeKernel
  api=4 insize=8599656 outsize=201 ok=1
Cmd: compileComputeKernel
  api=4 insize=8599656 outsize=201 ok=1
Cmd: compileComputeKernel
  api=4 insize=8599656 outsize=201 ok=1
Cmd: compileComputeKernel
  api=4 insize=8599656 outsize=201 ok=1
Cmd: compileComputeKernel
  api=4 insize=8599656 outsize=201 ok=1
Cmd: compileComputeKernel
  api=4 insize=8599656 outsize=201 ok=1
Cmd: compileComputeKernel
  api=4 insize=8599656 outsize=201 ok=1
Cmd: compileComputeKernel
  api=4 insize=8599656 outsize=201 ok=1
Cmd: compileComputeKernel
  api=4 insize=8599656 outsize=201 ok=1
Cmd: compileComputeKernel
  api=4 insize=8599656 outsize=201 ok=1
Cmd: compileComputeKernel
  api=4 insize=8599656 outsize=201 ok=1
Cmd: compileComputeKernel
  api=4 insize=8599656 outsize=201 ok=1
Cmd: compileComputeKernel
  api=4 insize=8599656 outsize=201 ok=1
Cmd: compileComputeKernel
  api=4 insize=8599656 outsize=201 ok=1
Cmd: compileComputeKernel
  api=4 insize=8599656 outsize=201 ok=1
Cmd: compileComputeKernel
  api=4 insize=8599656 outsize=201 ok=1
Cmd: compileComputeKernel
  api=4 insize=8599656 outsize=201 ok=1
Cmd: compileComputeKernel
  api=4 insize=8599656 outsize=201 ok=1
Cmd: compileComputeKernel
  api=4 insize=8599656 outsize=201 ok=1
Cmd: compileComputeKernel
  api=4 insize=8599656 outsize=201 ok=1
Cmd: compileComputeKernel
  api=4 insize=8599656 outsize=201 ok=1
Cmd: compileComputeKernel
  api=4 insize=8599656 outsize=201 ok=1
Cmd: compileComputeKernel
  api=4 insize=8599656 outsize=201 ok=1
Cmd: compileComputeKernel
  api=4 insize=8599656 outsize=201 ok=1
Cmd: compileComputeKernel
  api=4 insize=8599656 outsize=201 ok=1
Cmd: compileComputeKernel
  api=4 insize=8599656 outsize=201 ok=1
Cmd: compileComputeKernel
  api=4 insize=8599656 outsize=201 ok=1
Cmd: compileComputeKernel
  api=4 insize=8599656 outsize=201 ok=1
Cmd: compileComputeKernel
  api=4 insize=8599656 outsize=2269 ok=1
Cmd: compileComputeKernel
  api=4 insize=8599656 outsize=6509 ok=1
Cmd: compileComputeKernel
  api=4 insize=8599656 outsize=201 ok=1
Cmd: compileComputeKernel
  api=4 insize=8599656 outsize=201 ok=1
Cmd: compileComputeKernel
  api=4 insize=8599656 outsize=14601 ok=1
Cmd: compileComputeKernel
  api=4 insize=8599656 outsize=201 ok=1
Cmd: compileComputeKernel
  api=4 insize=8599656 outsize=201 ok=1
Cmd: compileComputeKernel
  api=4 insize=8599656 outsize=12585 ok=1
Cmd: compileComputeKernel
  api=4 insize=8599656 outsize=17189 ok=1
Cmd: compileComputeKernel
  api=4 insize=8599656 outsize=201 ok=1
Cmd: compileComputeKernel
  api=4 insize=8599656 outsize=201 ok=1
Cmd: compileComputeKernel
  api=4 insize=8599656 outsize=201 ok=1
Cmd: compileComputeKernel
  api=4 insize=8599656 outsize=201 ok=1
Cmd: compileComputeKernel
  api=4 insize=8599656 outsize=201 ok=1
Cmd: compileComputeKernel
  api=4 insize=8599656 outsize=201 ok=1
Cmd: compileComputeKernel
  api=4 insize=8599656 outsize=201 ok=1
Cmd: compileComputeKernel
  api=4 insize=8599656 outsize=201 ok=1
Cmd: compileComputeKernel
  api=4 insize=8599656 outsize=201 ok=1
Cmd: compileComputeKernel
  api=4 insize=8599656 outsize=5445 ok=1
Cmd: compileComputeKernel
  api=4 insize=8599656 outsize=9685 ok=1
Cmd: compileComputeKernel
  api=4 insize=8599656 outsize=201 ok=1
Cmd: compileComputeKernel
  api=4 insize=8599656 outsize=17497 ok=1
Cmd: compileComputeKernel
  api=4 insize=8599656 outsize=201 ok=1
Cmd: compileComputeKernel
  api=4 insize=8599656 outsize=201 ok=1
Cmd: compileComputeKernel
  api=4 insize=8599656 outsize=12437 ok=1
Cmd: compileComputeKernel
  api=4 insize=8599656 outsize=201 ok=1
Cmd: compileComputeKernel
  api=4 insize=8599656 outsize=20181 ok=1
Cmd: compileComputeKernel
  api=4 insize=8599656 outsize=201 ok=1
Cmd: compileComputeKernel
  api=4 insize=8599656 outsize=201 ok=1
Cmd: compileComputeKernel
  api=4 insize=8599656 outsize=201 ok=1
Cmd: compileComputeKernel
  api=4 insize=8599656 outsize=201 ok=1
Cmd: compileComputeKernel
  api=4 insize=8599656 outsize=201 ok=1
Cmd: compileComputeKernel
  api=4 insize=8599656 outsize=201 ok=1
Cmd: compileComputeKernel
  api=4 insize=8599656 outsize=201 ok=1
Cmd: compileComputeKernel
  api=4 insize=8599656 outsize=201 ok=1
Cmd: compileComputeKernel
  api=4 insize=8599656 outsize=201 ok=1
Cmd: compileComputeKernel
  api=4 insize=8599656 outsize=201 ok=1
Cmd: compileComputeKernel
  api=4 insize=8599656 outsize=201 ok=1
Cmd: compileComputeKernel
  api=4 insize=8599656 outsize=201 ok=1
Cmd: compileComputeKernel
  api=4 insize=8599656 outsize=201 ok=1
Cmd: compileComputeKernel
  api=4 insize=8599656 outsize=201 ok=1
Cmd: compileComputeKernel
  api=4 insize=8599656 outsize=201 ok=1
Cmd: compileComputeKernel
  api=4 insize=8599656 outsize=201 ok=1
Cmd: compileComputeKernel
  api=4 insize=8599656 outsize=201 ok=1
Cmd: compileComputeKernel
  api=4 insize=8599656 outsize=201 ok=1
Cmd: compileComputeKernel
  api=4 insize=8599656 outsize=201 ok=1
Cmd: compileComputeKernel
  api=4 insize=8599656 outsize=201 ok=1
Cmd: compileComputeKernel
  api=4 insize=8599656 outsize=201 ok=1
Cmd: compileComputeKernel
  api=4 insize=8599656 outsize=201 ok=1
Cmd: compileComputeKernel
  api=4 insize=8599656 outsize=201 ok=1
Cmd: compileComputeKernel
  api=4 insize=8599656 outsize=201 ok=1
Cmd: compileComputeKernel
  api=4 insize=8599656 outsize=201 ok=1
Cmd: compileComputeKernel
  api=4 insize=8599656 outsize=201 ok=1
Cmd: compileComputeKernel
  api=4 insize=8599656 outsize=201 ok=1
Cmd: compileComputeKernel
  api=4 insize=8599656 outsize=201 ok=1
Cmd: compileComputeKernel
  api=4 insize=8599656 outsize=201 ok=1
Cmd: compileComputeKernel
  api=4 insize=8599656 outsize=201 ok=1
Cmd: compileComputeKernel
  api=4 insize=8599656 outsize=201 ok=1
Cmd: compileComputeKernel
  api=4 insize=8599656 outsize=201 ok=1
Cmd: compileComputeKernel
  api=4 insize=8599656 outsize=201 ok=1
Cmd: compileComputeKernel
  api=4 insize=8599656 outsize=201 ok=1
Cmd: compileComputeKernel
  api=4 insize=8599656 outsize=201 ok=1
Cmd: compileComputeKernel
  api=4 insize=8599656 outsize=201 ok=1
Cmd: compileComputeKernel
  api=4 insize=8599656 outsize=201 ok=1
Cmd: compileComputeKernel
  api=4 insize=8599656 outsize=201 ok=1
Cmd: compileComputeKernel
  api=4 insize=8599656 outsize=201 ok=1
Cmd: compileComputeKernel
  api=4 insize=8599656 outsize=201 ok=1
Cmd: compileComputeKernel
  api=4 insize=8599656 outsize=201 ok=1
Cmd: compileComputeKernel
  api=4 insize=8599656 outsize=201 ok=1
Cmd: compileComputeKernel
  api=4 insize=8599656 outsize=201 ok=1
Cmd: compileComputeKernel
  api=4 insize=8599656 outsize=201 ok=1
Cmd: compileComputeKernel
  api=4 insize=8599656 outsize=201 ok=1
Cmd: compileComputeKernel
  api=4 insize=8599656 outsize=201 ok=1
Cmd: compileComputeKernel
  api=4 insize=8599656 outsize=201 ok=1
Cmd: compileComputeKernel
  api=4 insize=8599656 outsize=201 ok=1
Cmd: compileComputeKernel
  api=4 insize=8599656 outsize=201 ok=1
Cmd: compileComputeKernel
  api=4 insize=8599656 outsize=201 ok=1
Cmd: compileComputeKernel
  api=4 insize=8599656 outsize=201 ok=1
Cmd: compileComputeKernel
  api=4 insize=8599656 outsize=201 ok=1
Cmd: compileComputeKernel
  api=4 insize=8599656 outsize=201 ok=1
Cmd: compileComputeKernel
  api=4 insize=8599656 outsize=201 ok=1
Cmd: compileComputeKernel
  api=4 insize=8599656 outsize=201 ok=1
Cmd: compileComputeKernel
  api=4 insize=8599656 outsize=201 ok=1
Cmd: compileComputeKernel
  api=4 insize=8599656 outsize=201 ok=1
Cmd: compileComputeKernel
  api=4 insize=8599656 outsize=201 ok=1
Cmd: compileComputeKernel
  api=4 insize=8599656 outsize=201 ok=1
Cmd: compileComputeKernel
  api=4 insize=8599656 outsize=201 ok=1
Cmd: compileComputeKernel
  api=4 insize=8599656 outsize=201 ok=1
Cmd: compileComputeKernel
  api=4 insize=8599656 outsize=201 ok=1
Cmd: compileComputeKernel
  api=4 insize=8599656 outsize=201 ok=1
Cmd: compileComputeKernel
  api=4 insize=8599656 outsize=201 ok=1
Cmd: compileComputeKernel
  api=4 insize=8599656 outsize=201 ok=1
Cmd: compileComputeKernel
  api=4 insize=8599656 outsize=201 ok=1
Cmd: compileComputeKernel
  api=4 insize=8599656 outsize=201 ok=1
Cmd: compileComputeKernel
  api=4 insize=8599656 outsize=201 ok=1
Cmd: compileComputeKernel
  api=4 insize=8599656 outsize=201 ok=1
Cmd: compileComputeKernel
  api=4 insize=8599656 outsize=201 ok=1
Cmd: compileComputeKernel
  api=4 insize=8599656 outsize=201 ok=1
Cmd: compileComputeKernel
  api=4 insize=8599656 outsize=201 ok=1
Cmd: compileComputeKernel
  api=4 insize=8599656 outsize=201 ok=1
Cmd: compileComputeKernel
  api=4 insize=8599656 outsize=201 ok=1
Cmd: compileComputeKernel
  api=4 insize=8599656 outsize=201 ok=1
Cmd: compileComputeKernel
  api=4 insize=8599656 outsize=201 ok=1
Cmd: compileComputeKernel
  api=4 insize=8599656 outsize=201 ok=1
Cmd: compileComputeKernel
  api=4 insize=8599656 outsize=201 ok=1
Cmd: compileComputeKernel
  api=4 insize=8599656 outsize=201 ok=1
Cmd: compileComputeKernel
  api=4 insize=8599656 outsize=201 ok=1
Cmd: compileComputeKernel
  api=4 insize=8599656 outsize=201 ok=1
Cmd: compileComputeKernel
  api=4 insize=8599656 outsize=201 ok=1
Cmd: compileComputeKernel
  api=4 insize=8599656 outsize=201 ok=1
Cmd: compileComputeKernel
  api=4 insize=8599656 outsize=201 ok=1
Cmd: compileComputeKernel
  api=4 insize=8599656 outsize=201 ok=1
Cmd: compileComputeKernel
  api=4 insize=8599656 outsize=201 ok=1
Cmd: compileComputeKernel
  api=4 insize=8599656 outsize=201 ok=1
Cmd: compileComputeKernel
  api=4 insize=8599656 outsize=201 ok=1
Cmd: compileComputeKernel
  api=4 insize=8599656 outsize=201 ok=1
Cmd: compileComputeKernel
  api=4 insize=8599656 outsize=201 ok=1
Cmd: compileComputeKernel
  api=4 insize=8599656 outsize=201 ok=1
Cmd: compileComputeKernel
  api=4 insize=8599656 outsize=201 ok=1
Cmd: compileComputeKernel
  api=4 insize=8599656 outsize=201 ok=1
Cmd: compileComputeKernel
  api=4 insize=8599656 outsize=201 ok=1
Cmd: compileComputeKernel
  api=4 insize=8599656 outsize=201 ok=1
Cmd: compileComputeKernel
  api=4 insize=8599656 outsize=201 ok=1
Cmd: compileComputeKernel
  api=4 insize=8599656 outsize=201 ok=1
Cmd: compileComputeKernel
  api=4 insize=8599656 outsize=6737 ok=1
Cmd: compileComputeKernel
  api=4 insize=8599656 outsize=10913 ok=1
Cmd: compileComputeKernel
  api=4 insize=8599656 outsize=18909 ok=1
Cmd: compileComputeKernel
  api=4 insize=8599656 outsize=13665 ok=1
Cmd: compileComputeKernel
  api=4 insize=8599656 outsize=18269 ok=1
Cmd: compileComputeKernel
  api=4 insize=8599656 outsize=4249 ok=1
Cmd: compileComputeKernel
  api=4 insize=8599656 outsize=8305 ok=1
Cmd: compileComputeKernel
  api=4 insize=8599656 outsize=201 ok=1
Cmd: compileComputeKernel
  api=4 insize=8599656 outsize=201 ok=1
Cmd: compileComputeKernel
  api=4 insize=8599656 outsize=16301 ok=1
Cmd: compileComputeKernel
  api=4 insize=8599656 outsize=201 ok=1
Cmd: compileComputeKernel
  api=4 insize=8599656 outsize=201 ok=1
Cmd: compileComputeKernel
  api=4 insize=8599656 outsize=11241 ok=1
Cmd: compileComputeKernel
  api=4 insize=8599656 outsize=201 ok=1
Cmd: compileComputeKernel
  api=4 insize=8599656 outsize=18897 ok=1
Cmd: compileComputeKernel
  api=4 insize=8599656 outsize=201 ok=1
Cmd: compileComputeKernel
  api=4 insize=8599656 outsize=201 ok=1
Cmd: compileComputeKernel
  api=4 insize=8599656 outsize=201 ok=1
Cmd: compileComputeKernel
  api=4 insize=8599656 outsize=201 ok=1
Cmd: compileComputeKernel
  api=4 insize=8599656 outsize=201 ok=1
Cmd: compileComputeKernel
  api=4 insize=8599656 outsize=201 ok=1
Cmd: compileComputeKernel
  api=4 insize=8599656 outsize=201 ok=1
Cmd: compileComputeKernel
  api=4 insize=8599656 outsize=201 ok=1
Cmd: compileComputeKernel
  api=4 insize=8599656 outsize=201 ok=1
Cmd: compileComputeKernel
  api=4 insize=8599656 outsize=201 ok=1
Cmd: compileComputeKernel
  api=4 insize=8599656 outsize=7841 ok=1
Cmd: compileComputeKernel
  api=4 insize=8599656 outsize=12025 ok=1
Cmd: compileComputeKernel
  api=4 insize=8599656 outsize=17161 ok=1
Cmd: compileComputeKernel
  api=4 insize=8599656 outsize=201 ok=1
Cmd: compileComputeKernel
  api=4 insize=8599656 outsize=11637 ok=1
Cmd: compileComputeKernel
  api=4 insize=8599656 outsize=201 ok=1
Cmd: compileComputeKernel
  api=4 insize=8599656 outsize=201 ok=1
Cmd: compileComputeKernel
  api=4 insize=8599656 outsize=22705 ok=1
Cmd: compileComputeKernel
  api=4 insize=8599656 outsize=201 ok=1
Cmd: compileComputeKernel
  api=4 insize=8599656 outsize=201 ok=1
Cmd: compileComputeKernel
  api=4 insize=8599656 outsize=201 ok=1
Cmd: compileComputeKernel
  api=4 insize=8599656 outsize=201 ok=1
Cmd: compileComputeKernel
  api=4 insize=8599656 outsize=201 ok=1
Cmd: compileComputeKernel
  api=4 insize=8599656 outsize=201 ok=1
Cmd: compileComputeKernel
  api=4 insize=8599656 outsize=201 ok=1
Cmd: compileComputeKernel
  api=4 insize=8599656 outsize=7261 ok=1
Cmd: compileComputeKernel
  api=4 insize=8599656 outsize=11445 ok=1
Cmd: compileComputeKernel
  api=4 insize=8599656 outsize=19537 ok=1
Cmd: compileComputeKernel
  api=4 insize=8599656 outsize=11057 ok=1
Cmd: compileComputeKernel
  api=4 insize=8599656 outsize=201 ok=1
Cmd: compileComputeKernel
  api=4 insize=8599656 outsize=201 ok=1
Cmd: compileComputeKernel
  api=4 insize=8599656 outsize=22037 ok=1
Cmd: compileComputeKernel
  api=4 insize=8599656 outsize=201 ok=1
Cmd: compileComputeKernel
  api=4 insize=8599656 outsize=201 ok=1
Cmd: compileComputeKernel
  api=4 insize=8599656 outsize=201 ok=1
Cmd: compileComputeKernel
  api=4 insize=8599656 outsize=201 ok=1
Cmd: compileComputeKernel
  api=4 insize=8599656 outsize=201 ok=1
Cmd: compileComputeKernel
  api=4 insize=8599656 outsize=201 ok=1
Cmd: compileComputeKernel
  api=4 insize=8599656 outsize=201 ok=1
Cmd: compileComputeKernel
  api=4 insize=8599656 outsize=8177 ok=1
Cmd: compileComputeKernel
  api=4 insize=8599656 outsize=12361 ok=1
Cmd: compileComputeKernel
  api=4 insize=8599656 outsize=201 ok=1
Cmd: compileComputeKernel
  api=4 insize=8599656 outsize=20637 ok=1
Cmd: compileComputeKernel
  api=4 insize=8599656 outsize=15113 ok=1
Cmd: compileComputeKernel
  api=4 insize=8599656 outsize=201 ok=1
Cmd: compileComputeKernel
  api=4 insize=8599656 outsize=23137 ok=1
Cmd: compileComputeKernel
  api=4 insize=8599656 outsize=201 ok=1
Cmd: compileComputeKernel
  api=4 insize=8599656 outsize=201 ok=1
Cmd: compileComputeKernel
  api=4 insize=8599656 outsize=201 ok=1
Cmd: compileComputeKernel
  api=4 insize=8599656 outsize=201 ok=1
Cmd: compileComputeKernel
  api=4 insize=8599656 outsize=201 ok=1
Cmd: compileComputeKernel
  api=4 insize=8599656 outsize=201 ok=1
Cmd: compileComputeKernel
  api=4 insize=8599656 outsize=201 ok=1
Cmd: compileComputeKernel
  api=4 insize=8599656 outsize=7261 ok=1
Cmd: compileComputeKernel
  api=4 insize=8599656 outsize=11445 ok=1
Cmd: compileComputeKernel
  api=4 insize=8599656 outsize=19537 ok=1
Cmd: compileComputeKernel
  api=4 insize=8599656 outsize=201 ok=1
Cmd: compileComputeKernel
  api=4 insize=8599656 outsize=14381 ok=1
Cmd: compileComputeKernel
  api=4 insize=8599656 outsize=19081 ok=1
Cmd: compileComputeKernel
  api=4 insize=8599656 outsize=201 ok=1
Cmd: compileComputeKernel
  api=4 insize=8599656 outsize=201 ok=1
Cmd: compileComputeKernel
  api=4 insize=8599656 outsize=201 ok=1
Cmd: compileComputeKernel
  api=4 insize=8599656 outsize=201 ok=1
Cmd: compileComputeKernel
  api=4 insize=8599656 outsize=201 ok=1
Cmd: compileComputeKernel
  api=4 insize=8599656 outsize=201 ok=1
Cmd: compileComputeKernel
  api=4 insize=8599656 outsize=201 ok=1
Cmd: compileComputeKernel
  api=4 insize=8599656 outsize=201 ok=1
Cmd: compileComputeKernel
  api=4 insize=8599656 outsize=6685 ok=1
Cmd: compileComputeKernel
  api=4 insize=8599656 outsize=10925 ok=1
Cmd: compileComputeKernel
  api=4 insize=8599656 outsize=201 ok=1
Cmd: compileComputeKernel
  api=4 insize=8599656 outsize=201 ok=1
Cmd: compileComputeKernel
  api=4 insize=8599656 outsize=19105 ok=1
Cmd: compileComputeKernel
  api=4 insize=8599656 outsize=201 ok=1
Cmd: compileComputeKernel
  api=4 insize=8599656 outsize=13861 ok=1
Cmd: compileComputeKernel
  api=4 insize=8599656 outsize=201 ok=1
Cmd: compileComputeKernel
  api=4 insize=8599656 outsize=21537 ok=1
Cmd: compileComputeKernel
  api=4 insize=8599656 outsize=201 ok=1
Cmd: compileComputeKernel
  api=4 insize=8599656 outsize=201 ok=1
Cmd: compileComputeKernel
  api=4 insize=8599656 outsize=201 ok=1
Cmd: compileComputeKernel
  api=4 insize=8599656 outsize=201 ok=1
Cmd: compileComputeKernel
  api=4 insize=8599656 outsize=201 ok=1
Cmd: compileComputeKernel
  api=4 insize=8599656 outsize=201 ok=1
Cmd: compileComputeKernel
  api=4 insize=8599656 outsize=201 ok=1
Cmd: compileComputeKernel
  api=4 insize=8599656 outsize=201 ok=1
Cmd: compileComputeKernel
  api=4 insize=8599656 outsize=201 ok=1
Cmd: compileComputeKernel
  api=4 insize=8599656 outsize=201 ok=1
Cmd: compileComputeKernel
  api=4 insize=8599656 outsize=201 ok=1
Cmd: compileComputeKernel
  api=4 insize=8599656 outsize=201 ok=1
Cmd: compileComputeKernel
  api=4 insize=8599656 outsize=201 ok=1
Cmd: compileComputeKernel
  api=4 insize=8599656 outsize=201 ok=1
Cmd: compileComputeKernel
  api=4 insize=8599656 outsize=201 ok=1
Cmd: compileComputeKernel
  api=4 insize=8599656 outsize=201 ok=1
Cmd: compileComputeKernel
  api=4 insize=8599656 outsize=201 ok=1
Cmd: compileComputeKernel
  api=4 insize=8599656 outsize=201 ok=1
Cmd: compileComputeKernel
  api=4 insize=8599656 outsize=201 ok=1
Cmd: compileComputeKernel
  api=4 insize=8599656 outsize=201 ok=1
Cmd: compileComputeKernel
  api=4 insize=8599656 outsize=201 ok=1
Cmd: compileComputeKernel
  api=4 insize=8599656 outsize=201 ok=1
Cmd: compileComputeKernel
  api=4 insize=8599656 outsize=201 ok=1
Cmd: compileComputeKernel
  api=4 insize=8599656 outsize=201 ok=1
Cmd: compileComputeKernel
  api=4 insize=8599656 outsize=201 ok=1
Cmd: compileComputeKernel
  api=4 insize=8599656 outsize=201 ok=1
Cmd: compileComputeKernel
  api=4 insize=8599656 outsize=201 ok=1
Cmd: compileComputeKernel
  api=4 insize=8599656 outsize=201 ok=1
Cmd: compileComputeKernel
  api=4 insize=8599656 outsize=201 ok=1
Cmd: compileComputeKernel
  api=4 insize=8599656 outsize=201 ok=1
Cmd: compileComputeKernel
  api=4 insize=8599656 outsize=201 ok=1
Cmd: compileComputeKernel
  api=4 insize=8599656 outsize=201 ok=1
Cmd: compileComputeKernel
  api=4 insize=8599656 outsize=201 ok=1
Cmd: compileComputeKernel
  api=4 insize=8599656 outsize=201 ok=1
Cmd: compileComputeKernel
  api=4 insize=8599656 outsize=201 ok=1
Cmd: compileComputeKernel
  api=4 insize=8599656 outsize=201 ok=1
Cmd: compileComputeKernel
  api=4 insize=8599656 outsize=201 ok=1
Cmd: compileComputeKernel
  api=4 insize=8599656 outsize=201 ok=1
Cmd: compileComputeKernel
  api=4 insize=8599656 outsize=201 ok=1
Cmd: compileComputeKernel
  api=4 insize=8599656 outsize=201 ok=1
Cmd: compileComputeKernel
  api=4 insize=8599656 outsize=201 ok=1
Cmd: compileComputeKernel
  api=4 insize=8599656 outsize=4065 ok=1
Cmd: compileComputeKernel
  api=4 insize=8599656 outsize=8305 ok=1
Cmd: compileComputeKernel
  api=4 insize=8599656 outsize=201 ok=1
Cmd: compileComputeKernel
  api=4 insize=8599656 outsize=201 ok=1
Cmd: compileComputeKernel
  api=4 insize=8599656 outsize=16581 ok=1
Cmd: compileComputeKernel
  api=4 insize=8599656 outsize=201 ok=1
Cmd: compileComputeKernel
  api=4 insize=8599656 outsize=201 ok=1
Cmd: compileComputeKernel
  api=4 insize=8599656 outsize=14381 ok=1
Cmd: compileComputeKernel
  api=4 insize=8599656 outsize=19081 ok=1
Cmd: compileComputeKernel
  api=4 insize=8599656 outsize=201 ok=1
Cmd: compileComputeKernel
  api=4 insize=8599656 outsize=201 ok=1
Cmd: compileComputeKernel
  api=4 insize=8599656 outsize=201 ok=1
Cmd: compileComputeKernel
  api=4 insize=8599656 outsize=201 ok=1
Cmd: compileComputeKernel
  api=4 insize=8599656 outsize=201 ok=1
Cmd: compileComputeKernel
  api=4 insize=8599656 outsize=201 ok=1
Cmd: compileComputeKernel
  api=4 insize=8599656 outsize=201 ok=1
Cmd: compileComputeKernel
  api=4 insize=8599656 outsize=201 ok=1
Cmd: compileComputeKernel
  api=4 insize=8599656 outsize=7241 ok=1
Cmd: compileComputeKernel
  api=4 insize=8599656 outsize=11481 ok=1
Cmd: compileComputeKernel
  api=4 insize=8599656 outsize=201 ok=1
Cmd: compileComputeKernel
  api=4 insize=8599656 outsize=201 ok=1
Cmd: compileComputeKernel
  api=4 insize=8599656 outsize=22429 ok=1
Cmd: compileComputeKernel
  api=4 insize=8599656 outsize=14233 ok=1
Cmd: compileComputeKernel
  api=4 insize=8599656 outsize=201 ok=1
Cmd: compileComputeKernel
  api=4 insize=8599656 outsize=21889 ok=1
Cmd: compileComputeKernel
  api=4 insize=8599656 outsize=201 ok=1
Cmd: compileComputeKernel
  api=4 insize=8599656 outsize=201 ok=1
Cmd: compileComputeKernel
  api=4 insize=8599656 outsize=201 ok=1
Cmd: compileComputeKernel
  api=4 insize=8599656 outsize=201 ok=1
Cmd: compileComputeKernel
  api=4 insize=8599656 outsize=201 ok=1
Cmd: compileComputeKernel
  api=4 insize=8599656 outsize=201 ok=1
Cmd: compileComputeKernel
  api=4 insize=8599656 outsize=201 ok=1
Cmd: compileComputeKernel
  api=4 insize=8599656 outsize=201 ok=1
Cmd: compileComputeKernel
  api=4 insize=8599656 outsize=201 ok=1
Cmd: compileComputeKernel
  api=4 insize=8599656 outsize=201 ok=1
Cmd: compileComputeKernel
  api=4 insize=8599656 outsize=201 ok=1
Cmd: compileComputeKernel
  api=4 insize=8599656 outsize=201 ok=1
Cmd: compileComputeKernel
  api=4 insize=8599656 outsize=201 ok=1
Cmd: compileComputeKernel
  api=4 insize=8599656 outsize=201 ok=1
Cmd: compileComputeKernel
  api=4 insize=8599656 outsize=201 ok=1
Cmd: compileComputeKernel
  api=4 insize=8599656 outsize=201 ok=1
Cmd: compileComputeKernel
  api=4 insize=8599656 outsize=201 ok=1
Cmd: compileComputeKernel
  api=4 insize=8599656 outsize=201 ok=1
Cmd: compileComputeKernel
  api=4 insize=8599656 outsize=201 ok=1
Cmd: compileComputeKernel
  api=4 insize=8599656 outsize=201 ok=1
Cmd: compileComputeKernel
  api=4 insize=8599656 outsize=201 ok=1
Cmd: compileComputeKernel
  api=4 insize=8599656 outsize=201 ok=1
Cmd: compileComputeKernel
  api=4 insize=8599656 outsize=201 ok=1
Cmd: compileComputeKernel
  api=4 insize=8599656 outsize=201 ok=1
Cmd: compileComputeKernel
  api=4 insize=8599656 outsize=201 ok=1
Cmd: compileComputeKernel
  api=4 insize=8599656 outsize=201 ok=1
Cmd: compileComputeKernel
  api=4 insize=8599656 outsize=201 ok=1
Cmd: compileComputeKernel
  api=4 insize=8599656 outsize=201 ok=1
Cmd: compileComputeKernel
  api=4 insize=8599656 outsize=201 ok=1
Cmd: compileComputeKernel
  api=4 insize=8599656 outsize=201 ok=1
Cmd: compileComputeKernel
  api=4 insize=8599656 outsize=201 ok=1
Cmd: compileComputeKernel
  api=4 insize=8599656 outsize=201 ok=1
Cmd: compileComputeKernel
  api=4 insize=8599656 outsize=201 ok=1
Cmd: compileComputeKernel
  api=4 insize=8599656 outsize=201 ok=1
Cmd: compileComputeKernel
  api=4 insize=8599656 outsize=201 ok=1
Cmd: compileComputeKernel
  api=4 insize=8599656 outsize=201 ok=1
Cmd: compileComputeKernel
  api=4 insize=8599656 outsize=201 ok=1
Cmd: compileComputeKernel
  api=4 insize=8599656 outsize=201 ok=1
Cmd: compileComputeKernel
  api=4 insize=8599656 outsize=201 ok=1
Cmd: compileComputeKernel
  api=4 insize=8599656 outsize=201 ok=1
Cmd: compileComputeKernel
  api=4 insize=8599656 outsize=201 ok=1
Cmd: compileComputeKernel
  api=4 insize=8599656 outsize=201 ok=1
Cmd: compileComputeKernel
  api=4 insize=8599656 outsize=201 ok=1
Cmd: compileComputeKernel
  api=4 insize=8599656 outsize=201 ok=1
Cmd: compileComputeKernel
  api=4 insize=8599656 outsize=201 ok=1
Cmd: compileComputeKernel
  api=4 insize=8599656 outsize=201 ok=1
Cmd: compileComputeKernel
  api=4 insize=8599656 outsize=201 ok=1
Cmd: compileComputeKernel
  api=4 insize=8599656 outsize=201 ok=1
Cmd: compileComputeKernel
  api=4 insize=8599656 outsize=201 ok=1
Cmd: compileComputeKernel
  api=4 insize=8599656 outsize=201 ok=1
Cmd: compileComputeKernel
  api=4 insize=8599656 outsize=201 ok=1
Cmd: compileComputeKernel
  api=4 insize=8599656 outsize=201 ok=1
Cmd: compileComputeKernel
  api=4 insize=8599656 outsize=201 ok=1
Cmd: compileComputeKernel
  api=4 insize=8599656 outsize=201 ok=1
Cmd: compileComputeKernel
  api=4 insize=8599656 outsize=201 ok=1
Cmd: compileComputeKernel
  api=4 insize=8599656 outsize=201 ok=1
Cmd: compileComputeKernel
  api=4 insize=8599656 outsize=201 ok=1
Cmd: compileComputeKernel
  api=4 insize=8599656 outsize=201 ok=1
Cmd: compileComputeKernel
  api=4 insize=8599656 outsize=201 ok=1
Cmd: compileComputeKernel
  api=4 insize=8599656 outsize=201 ok=1
Cmd: compileComputeKernel
  api=4 insize=8599656 outsize=201 ok=1
Cmd: compileComputeKernel
  api=4 insize=8599656 outsize=201 ok=1
Cmd: compileComputeKernel
  api=4 insize=8599656 outsize=201 ok=1
Cmd: compileComputeKernel
  api=4 insize=8599656 outsize=201 ok=1
Cmd: compileComputeKernel
  api=4 insize=8599656 outsize=201 ok=1
Cmd: compileComputeKernel
  api=4 insize=8599656 outsize=201 ok=1
Cmd: compileComputeKernel
  api=4 insize=8599656 outsize=201 ok=1
Cmd: compileComputeKernel
  api=4 insize=8599656 outsize=201 ok=1
Cmd: compileComputeKernel
  api=4 insize=8599656 outsize=201 ok=1
Cmd: compileComputeKernel
  api=4 insize=8599656 outsize=201 ok=1
Cmd: compileComputeKernel
  api=4 insize=8599656 outsize=201 ok=1
Cmd: compileComputeKernel
  api=4 insize=8599656 outsize=201 ok=1
Cmd: compileComputeKernel
  api=4 insize=8599656 outsize=201 ok=1
Cmd: compileComputeKernel
  api=4 insize=8599656 outsize=201 ok=1
Cmd: compileComputeKernel
  api=4 insize=8599656 outsize=201 ok=1
Cmd: compileComputeKernel
  api=4 insize=8599656 outsize=201 ok=1
Cmd: compileComputeKernel
  api=4 insize=8599656 outsize=201 ok=1
Cmd: compileComputeKernel
  api=4 insize=8599656 outsize=201 ok=1
Cmd: compileComputeKernel
  api=4 insize=8599656 outsize=201 ok=1
Cmd: compileComputeKernel
  api=4 insize=8599656 outsize=201 ok=1
Cmd: compileComputeKernel
  api=4 insize=8599656 outsize=201 ok=1
Cmd: compileComputeKernel
  api=4 insize=8599656 outsize=201 ok=1
Cmd: compileComputeKernel
  api=4 insize=8599656 outsize=201 ok=1
Cmd: compileComputeKernel
  api=4 insize=8599656 outsize=201 ok=1
Cmd: compileComputeKernel
  api=4 insize=8599656 outsize=201 ok=1
Cmd: compileComputeKernel
  api=4 insize=8599656 outsize=201 ok=1
Cmd: compileComputeKernel
  api=4 insize=8599656 outsize=201 ok=1
Cmd: compileComputeKernel
  api=4 insize=8599656 outsize=201 ok=1
Cmd: compileComputeKernel
  api=4 insize=8599656 outsize=201 ok=1
Cmd: compileComputeKernel
  api=4 insize=8599656 outsize=201 ok=1
Cmd: compileComputeKernel
  api=4 insize=8599656 outsize=201 ok=1
Cmd: compileComputeKernel
  api=4 insize=8599656 outsize=201 ok=1
Cmd: compileComputeKernel
  api=4 insize=8599656 outsize=201 ok=1
Cmd: compileComputeKernel
  api=4 insize=8599656 outsize=201 ok=1
Cmd: compileComputeKernel
  api=4 insize=8599656 outsize=201 ok=1
Cmd: compileComputeKernel
  api=4 insize=8599656 outsize=201 ok=1
Cmd: compileComputeKernel
  api=4 insize=8599656 outsize=201 ok=1
Cmd: compileComputeKernel
  api=4 insize=8599656 outsize=201 ok=1
Cmd: compileComputeKernel
  api=4 insize=8599656 outsize=201 ok=1
Cmd: compileComputeKernel
  api=4 insize=8599656 outsize=201 ok=1
Cmd: compileComputeKernel
  api=4 insize=8599656 outsize=201 ok=1
Cmd: compileComputeKernel
  api=4 insize=8599656 outsize=201 ok=1
Cmd: compileComputeKernel
  api=4 insize=8599656 outsize=201 ok=1
Cmd: compileComputeKernel
  api=4 insize=8599656 outsize=201 ok=1
Cmd: compileComputeKernel
  api=4 insize=8599656 outsize=201 ok=1
Cmd: compileComputeKernel
  api=4 insize=8599656 outsize=201 ok=1
Cmd: compileComputeKernel
  api=4 insize=8599656 outsize=201 ok=1
Cmd: compileComputeKernel
  api=4 insize=8599656 outsize=201 ok=1
Cmd: compileComputeKernel
  api=4 insize=8599656 outsize=201 ok=1
Cmd: compileComputeKernel
  api=4 insize=8599656 outsize=201 ok=1
Cmd: compileComputeKernel
  api=4 insize=8599656 outsize=201 ok=1
Cmd: compileComputeKernel
  api=4 insize=8599656 outsize=201 ok=1
Cmd: compileComputeKernel
  api=4 insize=8599656 outsize=201 ok=1
Cmd: compileComputeKernel
  api=4 insize=8599656 outsize=201 ok=1
Cmd: compileComputeKernel
  api=4 insize=8599656 outsize=201 ok=1
Cmd: compileComputeKernel
  api=4 insize=8599656 outsize=201 ok=1
Cmd: compileComputeKernel
  api=4 insize=8599656 outsize=201 ok=1
Cmd: compileComputeKernel
  api=4 insize=8599656 outsize=201 ok=1
Cmd: compileComputeKernel
  api=4 insize=8599656 outsize=201 ok=1
Cmd: compileComputeKernel
  api=4 insize=8599656 outsize=201 ok=1
Cmd: compileComputeKernel
  api=4 insize=8599656 outsize=201 ok=1
Cmd: compileComputeKernel
  api=4 insize=8599656 outsize=201 ok=1
Cmd: compileComputeKernel
  api=4 insize=8599656 outsize=201 ok=1
Cmd: compileComputeKernel
  api=4 insize=8599656 outsize=201 ok=1
Cmd: compileComputeKernel
  api=4 insize=8599656 outsize=201 ok=1
Cmd: compileComputeKernel
  api=4 insize=8599656 outsize=201 ok=1
Cmd: compileComputeKernel
  api=4 insize=8599656 outsize=201 ok=1
Cmd: compileComputeKernel
  api=4 insize=8599656 outsize=201 ok=1
Cmd: compileComputeKernel
  api=4 insize=8599656 outsize=201 ok=1
Cmd: compileComputeKernel
  api=4 insize=8599656 outsize=201 ok=1
Cmd: compileComputeKernel
  api=4 insize=8599656 outsize=201 ok=1
Cmd: compileComputeKernel
  api=4 insize=8599656 outsize=201 ok=1
Cmd: compileComputeKernel
  api=4 insize=8599656 outsize=201 ok=1
Cmd: compileComputeKernel
  api=4 insize=8599656 outsize=201 ok=1
Cmd: compileComputeKernel
  api=4 insize=8599656 outsize=201 ok=1
Cmd: compileComputeKernel
  api=4 insize=8599656 outsize=201 ok=1
Cmd: compileComputeKernel
  api=4 insize=8599656 outsize=201 ok=1
Cmd: compileComputeKernel
  api=4 insize=8599656 outsize=201 ok=1
Cmd: compileComputeKernel
  api=4 insize=8599656 outsize=201 ok=1
Cmd: compileComputeKernel
  api=4 insize=8599656 outsize=201 ok=1
Cmd: compileComputeKernel
  api=4 insize=8599656 outsize=201 ok=1
Cmd: compileComputeKernel
  api=4 insize=8599656 outsize=201 ok=1
Cmd: compileComputeKernel
  api=4 insize=8599656 outsize=201 ok=1
Cmd: compileComputeKernel
  api=4 insize=8599656 outsize=201 ok=1
Cmd: compileComputeKernel
  api=4 insize=8599656 outsize=201 ok=1
Cmd: compileComputeKernel
  api=4 insize=8599656 outsize=201 ok=1
Cmd: compileComputeKernel
  api=4 insize=8599656 outsize=201 ok=1
Cmd: compileComputeKernel
  api=4 insize=8599656 outsize=201 ok=1
Cmd: compileComputeKernel
  api=4 insize=8599656 outsize=201 ok=1
Cmd: compileComputeKernel
  api=4 insize=8599656 outsize=201 ok=1
Cmd: compileComputeKernel
  api=4 insize=8599656 outsize=201 ok=1
Cmd: compileComputeKernel
  api=4 insize=8599656 outsize=201 ok=1
Cmd: compileComputeKernel
  api=4 insize=8599656 outsize=201 ok=1
Cmd: compileComputeKernel
  api=4 insize=8599656 outsize=201 ok=1
Cmd: compileComputeKernel
  api=4 insize=8599656 outsize=201 ok=1
Cmd: compileComputeKernel
  api=4 insize=8599656 outsize=201 ok=1
Cmd: compileComputeKernel
  api=4 insize=8599656 outsize=201 ok=1
Cmd: compileComputeKernel
  api=4 insize=8599656 outsize=201 ok=1
Cmd: compileComputeKernel
  api=4 insize=8599656 outsize=201 ok=1
Cmd: compileComputeKernel
  api=4 insize=8599656 outsize=201 ok=1
Cmd: compileComputeKernel
  api=4 insize=8599656 outsize=201 ok=1
Cmd: compileComputeKernel
  api=4 insize=8599656 outsize=201 ok=1
Cmd: compileComputeKernel
  api=4 insize=8599656 outsize=201 ok=1
Cmd: compileComputeKernel
  api=4 insize=8599656 outsize=201 ok=1
Cmd: compileComputeKernel
  api=4 insize=8599656 outsize=201 ok=1
Cmd: compileComputeKernel
  api=4 insize=8599656 outsize=201 ok=1
Cmd: compileComputeKernel
  api=4 insize=8599656 outsize=201 ok=1
Cmd: compileComputeKernel
  api=4 insize=8599656 outsize=201 ok=1
Cmd: compileComputeKernel
  api=4 insize=8599656 outsize=201 ok=1
Cmd: compileComputeKernel
  api=4 insize=8599656 outsize=201 ok=1
Cmd: compileComputeKernel
  api=4 insize=8599656 outsize=201 ok=1
Cmd: compileComputeKernel
  api=4 insize=8599656 outsize=201 ok=1
Cmd: compileComputeKernel
  api=4 insize=8599656 outsize=201 ok=1
Cmd: compileComputeKernel
  api=4 insize=8599656 outsize=201 ok=1
Cmd: compileComputeKernel
  api=4 insize=8599656 outsize=201 ok=1
Cmd: compileComputeKernel
  api=4 insize=8599656 outsize=201 ok=1
Cmd: compileComputeKernel
  api=4 insize=8599656 outsize=201 ok=1
Cmd: compileComputeKernel
  api=4 insize=8599656 outsize=201 ok=1
Cmd: compileComputeKernel
  api=4 insize=8599656 outsize=201 ok=1
Cmd: compileComputeKernel
  api=4 insize=8599656 outsize=201 ok=1
Cmd: compileComputeKernel
  api=4 insize=8599656 outsize=201 ok=1
Cmd: compileComputeKernel
  api=4 insize=8599656 outsize=201 ok=1
Cmd: compileComputeKernel
  api=4 insize=8599656 outsize=201 ok=1
Cmd: compileComputeKernel
  api=4 insize=8599656 outsize=201 ok=1
Cmd: compileComputeKernel
  api=4 insize=8599656 outsize=201 ok=1
Cmd: compileComputeKernel
  api=4 insize=8599656 outsize=201 ok=1
Cmd: compileComputeKernel
  api=4 insize=8599656 outsize=201 ok=1
Cmd: compileComputeKernel
  api=4 insize=8599656 outsize=201 ok=1
Cmd: compileComputeKernel
  api=4 insize=8599656 outsize=201 ok=1
Cmd: compileComputeKernel
  api=4 insize=8599656 outsize=201 ok=1
Cmd: compileComputeKernel
  api=4 insize=8599656 outsize=201 ok=1
Cmd: compileComputeKernel
  api=4 insize=8599656 outsize=201 ok=1
Cmd: compileComputeKernel
  api=4 insize=8599656 outsize=201 ok=1
Cmd: compileComputeKernel
  api=4 insize=8599656 outsize=201 ok=1
Cmd: compileComputeKernel
  api=4 insize=8599656 outsize=201 ok=1
Cmd: compileComputeKernel
  api=4 insize=8599656 outsize=201 ok=1
Cmd: compileComputeKernel
  api=4 insize=8599656 outsize=201 ok=1
Cmd: compileComputeKernel
  api=4 insize=8599656 outsize=201 ok=1
Cmd: compileComputeKernel
  api=4 insize=8599656 outsize=201 ok=1
Cmd: compileComputeKernel
  api=4 insize=8599656 outsize=201 ok=1
Cmd: compileComputeKernel
  api=4 insize=8599656 outsize=201 ok=1
Cmd: compileComputeKernel
  api=4 insize=8599656 outsize=201 ok=1
Cmd: compileComputeKernel
  api=4 insize=8599656 outsize=201 ok=1
Cmd: compileComputeKernel
  api=4 insize=8599656 outsize=201 ok=1
Cmd: compileComputeKernel
  api=4 insize=8599656 outsize=201 ok=1
Cmd: compileComputeKernel
  api=4 insize=8599656 outsize=201 ok=1
Cmd: compileComputeKernel
  api=4 insize=8599656 outsize=201 ok=1
Cmd: compileComputeKernel
  api=4 insize=8599656 outsize=201 ok=1
Cmd: compileComputeKernel
  api=4 insize=8599656 outsize=201 ok=1
Cmd: compileComputeKernel
  api=4 insize=8599656 outsize=201 ok=1
Cmd: compileComputeKernel
  api=4 insize=8599656 outsize=201 ok=1
Cmd: compileComputeKernel
  api=4 insize=8599656 outsize=201 ok=1
Cmd: compileComputeKernel
  api=4 insize=8599656 outsize=201 ok=1
Cmd: compileComputeKernel
  api=4 insize=8599656 outsize=201 ok=1
Cmd: compileComputeKernel
  api=4 insize=8599656 outsize=201 ok=1
Cmd: compileComputeKernel
  api=4 insize=8599656 outsize=201 ok=1
Cmd: compileComputeKernel
  api=4 insize=8599656 outsize=201 ok=1
Cmd: compileComputeKernel
  api=4 insize=8599656 outsize=201 ok=1
Cmd: compileComputeKernel
  api=4 insize=8599656 outsize=201 ok=1
Cmd: compileComputeKernel
  api=4 insize=8599656 outsize=201 ok=1
Cmd: compileComputeKernel
  api=4 insize=8599656 outsize=201 ok=1
Cmd: compileComputeKernel
  api=4 insize=8599656 outsize=201 ok=1
Cmd: compileComputeKernel
  api=4 insize=8599656 outsize=201 ok=1
Cmd: compileComputeKernel
  api=4 insize=8599656 outsize=201 ok=1
Cmd: compileComputeKernel
  api=4 insize=8599656 outsize=201 ok=1
Cmd: compileComputeKernel
  api=4 insize=8599656 outsize=201 ok=1
Cmd: compileComputeKernel
  api=4 insize=8599656 outsize=201 ok=1
Cmd: compileComputeKernel
  api=4 insize=8599656 outsize=201 ok=1
Cmd: compileComputeKernel
  api=4 insize=8599656 outsize=201 ok=1
Cmd: compileComputeKernel
  api=4 insize=8599656 outsize=201 ok=1
Cmd: compileComputeKernel
  api=4 insize=8599656 outsize=201 ok=1
Cmd: compileComputeKernel
  api=4 insize=8599656 outsize=201 ok=1
Cmd: compileComputeKernel
  api=4 insize=8599656 outsize=201 ok=1
Cmd: compileComputeKernel
  api=4 insize=8599656 outsize=201 ok=1
Cmd: compileComputeKernel
  api=4 insize=8599656 outsize=201 ok=1
Cmd: compileComputeKernel
  api=4 insize=8599656 outsize=201 ok=1
Cmd: compileComputeKernel
  api=4 insize=8599656 outsize=201 ok=1
Cmd: compileComputeKernel
  api=4 insize=8599656 outsize=201 ok=1
Cmd: compileComputeKernel
  api=4 insize=8599656 outsize=201 ok=1
Cmd: compileComputeKernel
  api=4 insize=8599656 outsize=201 ok=1
Cmd: compileComputeKernel
  api=4 insize=8599656 outsize=201 ok=1
Cmd: compileComputeKernel
  api=4 insize=8599656 outsize=201 ok=1
Cmd: compileComputeKernel
  api=4 insize=8599656 outsize=201 ok=1
Cmd: compileComputeKernel
  api=4 insize=8599656 outsize=201 ok=1
Cmd: compileComputeKernel
  api=4 insize=8599656 outsize=201 ok=1
Cmd: compileComputeKernel
  api=4 insize=8599656 outsize=201 ok=1
Cmd: compileComputeKernel
  api=4 insize=8599656 outsize=201 ok=1
Cmd: compileComputeKernel
  api=4 insize=8599656 outsize=201 ok=1
Cmd: compileComputeKernel
  api=4 insize=8599656 outsize=201 ok=1
Cmd: compileComputeKernel
  api=4 insize=8599656 outsize=201 ok=1
Cmd: compileComputeKernel
  api=4 insize=8599656 outsize=201 ok=1
Cmd: compileComputeKernel
  api=4 insize=8599656 outsize=201 ok=1
Cmd: compileComputeKernel
  api=4 insize=8599656 outsize=201 ok=1
Cmd: compileComputeKernel
  api=4 insize=8599656 outsize=201 ok=1
Cmd: compileComputeKernel
  api=4 insize=8599656 outsize=201 ok=1
Cmd: compileComputeKernel
  api=4 insize=8599656 outsize=201 ok=1
Cmd: compileComputeKernel
  api=4 insize=8599656 outsize=201 ok=1
Cmd: compileComputeKernel
  api=4 insize=8599656 outsize=201 ok=1
Cmd: compileComputeKernel
  api=4 insize=8599656 outsize=201 ok=1
Cmd: compileComputeKernel
  api=4 insize=8599656 outsize=201 ok=1
Cmd: compileComputeKernel
  api=4 insize=8599656 outsize=201 ok=1
Cmd: compileComputeKernel
  api=4 insize=8599656 outsize=201 ok=1
Cmd: compileComputeKernel
  api=4 insize=8599656 outsize=201 ok=1
Cmd: compileComputeKernel
  api=4 insize=8599656 outsize=201 ok=1
Cmd: compileComputeKernel
  api=4 insize=8599656 outsize=201 ok=1
Cmd: compileComputeKernel
  api=4 insize=8599656 outsize=201 ok=1
Cmd: compileComputeKernel
  api=4 insize=8599656 outsize=201 ok=1
Cmd: compileComputeKernel
  api=4 insize=8599656 outsize=201 ok=1
Cmd: compileComputeKernel
  api=4 insize=8599656 outsize=201 ok=1
Cmd: compileComputeKernel
  api=4 insize=8599656 outsize=201 ok=1
Cmd: compileComputeKernel
  api=4 insize=8599656 outsize=201 ok=1
Cmd: compileComputeKernel
  api=4 insize=8599656 outsize=201 ok=1
Cmd: compileComputeKernel
  api=4 insize=8599656 outsize=201 ok=1
Cmd: compileComputeKernel
  api=4 insize=8599656 outsize=201 ok=1
Cmd: compileComputeKernel
  api=4 insize=8599656 outsize=201 ok=1
Cmd: compileComputeKernel
  api=4 insize=8599656 outsize=201 ok=1
Cmd: compileComputeKernel
  api=4 insize=8599656 outsize=201 ok=1
Cmd: compileComputeKernel
  api=4 insize=8599656 outsize=201 ok=1
Cmd: compileComputeKernel
  api=4 insize=8599656 outsize=201 ok=1
Cmd: compileComputeKernel
  api=4 insize=8599656 outsize=201 ok=1
Cmd: compileComputeKernel
  api=4 insize=8599656 outsize=201 ok=1
Cmd: compileComputeKernel
  api=4 insize=8599656 outsize=201 ok=1
Cmd: compileComputeKernel
  api=4 insize=8599656 outsize=201 ok=1
Cmd: compileComputeKernel
  api=4 insize=8599656 outsize=201 ok=1
Cmd: compileComputeKernel
  api=4 insize=8599656 outsize=201 ok=1
Cmd: compileComputeKernel
  api=4 insize=8599656 outsize=201 ok=1
Cmd: compileComputeKernel
  api=4 insize=8599656 outsize=201 ok=1
Cmd: compileComputeKernel
  api=4 insize=8599656 outsize=201 ok=1
Cmd: compileComputeKernel
  api=4 insize=8599656 outsize=201 ok=1
Cmd: compileComputeKernel
  api=4 insize=8599656 outsize=201 ok=1
Cmd: compileComputeKernel
  api=4 insize=8599656 outsize=201 ok=1
Cmd: compileComputeKernel
  api=4 insize=8599656 outsize=201 ok=1
Cmd: compileComputeKernel
  api=4 insize=8599656 outsize=201 ok=1
Cmd: compileComputeKernel
  api=4 insize=8599656 outsize=201 ok=1
Cmd: compileComputeKernel
  api=4 insize=8599656 outsize=201 ok=1
Cmd: compileComputeKernel
  api=4 insize=8599656 outsize=201 ok=1
Cmd: compileComputeKernel
  api=4 insize=8599656 outsize=201 ok=1
Cmd: compileComputeKernel
  api=4 insize=8599656 outsize=201 ok=1
Cmd: compileComputeKernel
  api=4 insize=8599656 outsize=201 ok=1
Cmd: compileComputeKernel
