Base path: C:/Program Files/Unity/Editor/Data
Cmd: initializeCompiler
Cmd: compileComputeKernel
  api=4 insize=6045 outsize=1501 ok=1
Cmd: compileComputeKernel
  api=4 insize=1435 outsize=569 ok=1
Cmd: compileComputeKernel
  api=4 insize=3273 outsize=1901 ok=1
Cmd: compileComputeKernel
  api=4 insize=8599656 outsize=805 ok=1
Cmd: compileComputeKernel
  api=4 insize=8599656 outsize=5509 ok=1
Cmd: compileComputeKernel
  api=4 insize=8599656 outsize=201 ok=1
Cmd: compileComputeKernel
  api=4 insize=8599656 outsize=201 ok=1
Cmd: compileComputeKernel
  api=4 insize=8599656 outsize=16309 ok=1
Cmd: compileComputeKernel
  api=4 insize=8599656 outsize=7845 ok=1
Cmd: compileComputeKernel
  api=4 insize=8599656 outsize=201 ok=1
Cmd: compileComputeKernel
  api=4 insize=8599656 outsize=201 ok=1
Cmd: compileComputeKernel
  api=4 insize=8599656 outsize=18341 ok=1
Cmd: compileComputeKernel
  api=4 insize=8599656 outsize=5649 ok=1
Cmd: compileComputeKernel
  api=4 insize=8599656 outsize=9833 ok=1
Cmd: compileComputeKernel
  api=4 insize=8599656 outsize=17741 ok=1
Cmd: compileComputeKernel
  api=4 insize=8599656 outsize=9261 ok=1
Cmd: compileComputeKernel
  api=4 insize=8599656 outsize=201 ok=1
Cmd: compileComputeKernel
  api=4 insize=8599656 outsize=201 ok=1
Cmd: compileComputeKernel
  api=4 insize=8599656 outsize=20145 ok=1
Cmd: compileComputeKernel
  api=4 insize=8599656 outsize=201 ok=1
Cmd: compileComputeKernel
  api=4 insize=8599656 outsize=201 ok=1
Cmd: compileComputeKernel
  api=4 insize=8599656 outsize=201 ok=1
Cmd: compileComputeKernel
  api=4 insize=8599656 outsize=201 ok=1
Cmd: compileComputeKernel
  api=4 insize=8599656 outsize=201 ok=1
Cmd: compileComputeKernel
  api=4 insize=8599656 outsize=201 ok=1
Cmd: compileComputeKernel
  api=4 insize=8599656 outsize=201 ok=1
Cmd: compileComputeKernel
  api=4 insize=8599656 outsize=201 ok=1
Cmd: compileComputeKernel
  api=4 insize=8599656 outsize=6229 ok=1
Cmd: compileComputeKernel
  api=4 insize=8599656 outsize=10413 ok=1
Cmd: compileComputeKernel
  api=4 insize=8599656 outsize=15365 ok=1
Cmd: compileComputeKernel
  api=4 insize=8599656 outsize=201 ok=1
Cmd: compileComputeKernel
  api=4 insize=8599656 outsize=9841 ok=1
Cmd: compileComputeKernel
  api=4 insize=8599656 outsize=201 ok=1
Cmd: compileComputeKernel
  api=4 insize=8599656 outsize=201 ok=1
Cmd: compileComputeKernel
  api=4 insize=8599656 outsize=20725 ok=1
Cmd: compileComputeKernel
  api=4 insize=8599656 outsize=201 ok=1
Cmd: compileComputeKernel
  api=4 insize=8599656 outsize=201 ok=1
Cmd: compileComputeKernel
  api=4 insize=8599656 outsize=201 ok=1
Cmd: compileComputeKernel
  api=4 insize=8599656 outsize=201 ok=1
Cmd: compileComputeKernel
  api=4 insize=8599656 outsize=201 ok=1
Cmd: compileComputeKernel
  api=4 insize=8599656 outsize=201 ok=1
Cmd: compileComputeKernel
  api=4 insize=8599656 outsize=201 ok=1
Cmd: compileComputeKernel
  api=4 insize=8599656 outsize=2453 ok=1
Cmd: compileComputeKernel
  api=4 insize=8599656 outsize=6509 ok=1
Cmd: compileComputeKernel
  api=4 insize=8599656 outsize=201 ok=1
Cmd: compileComputeKernel
  api=4 insize=8599656 outsize=201 ok=1
Cmd: compileComputeKernel
  api=4 insize=8599656 outsize=17925 ok=1
Cmd: compileComputeKernel
  api=4 insize=8599656 outsize=9445 ok=1
Cmd: compileComputeKernel
  api=4 insize=8599656 outsize=201 ok=1
Cmd: compileComputeKernel
  api=4 insize=8599656 outsize=201 ok=1
Cmd: compileComputeKernel
  api=4 insize=8599656 outsize=20329 ok=1
Cmd: compileComputeKernel
  api=4 insize=8599656 outsize=201 ok=1
Cmd: compileComputeKernel
  api=4 insize=8599656 outsize=201 ok=1
Cmd: compileComputeKernel
  api=4 insize=8599656 outsize=201 ok=1
Cmd: compileComputeKernel
  api=4 insize=8599656 outsize=201 ok=1
Cmd: compileComputeKernel
  api=4 insize=8599656 outsize=201 ok=1
Cmd: compileComputeKernel
  api=4 insize=8599656 outsize=201 ok=1
Cmd: compileComputeKernel
  api=4 insize=8599656 outsize=201 ok=1
Cmd: compileComputeKernel
  api=4 insize=8599656 outsize=6381 ok=1
Cmd: compileComputeKernel
  api=4 insize=8599656 outsize=10565 ok=1
Cmd: compileComputeKernel
  api=4 insize=8599656 outsize=201 ok=1
Cmd: compileComputeKernel
  api=4 insize=8599656 outsize=18745 ok=1
Cmd: compileComputeKernel
  api=4 insize=8599656 outsize=13317 ok=1
Cmd: compileComputeKernel
  api=4 insize=8599656 outsize=18017 ok=1
Cmd: compileComputeKernel
  api=4 insize=8599656 outsize=201 ok=1
Cmd: compileComputeKernel
  api=4 insize=8599656 outsize=201 ok=1
Cmd: compileComputeKernel
  api=4 insize=8599656 outsize=201 ok=1
Cmd: compileComputeKernel
  api=4 insize=8599656 outsize=201 ok=1
Cmd: compileComputeKernel
  api=4 insize=8599656 outsize=201 ok=1
Cmd: compileComputeKernel
  api=4 insize=8599656 outsize=201 ok=1
Cmd: compileComputeKernel
  api=4 insize=8599656 outsize=201 ok=1
Cmd: compileComputeKernel
  api=4 insize=8599656 outsize=201 ok=1
Cmd: compileComputeKernel
  api=4 insize=8599656 outsize=201 ok=1
Cmd: compileComputeKernel
  api=4 insize=8599656 outsize=2453 ok=1
Cmd: compileComputeKernel
  api=4 insize=8599656 outsize=6693 ok=1
Cmd: compileComputeKernel
  api=4 insize=8599656 outsize=201 ok=1
Cmd: compileComputeKernel
  api=4 insize=8599656 outsize=201 ok=1
Cmd: compileComputeKernel
  api=4 insize=8599656 outsize=17741 ok=1
Cmd: compileComputeKernel
  api=4 insize=8599656 outsize=201 ok=1
Cmd: compileComputeKernel
  api=4 insize=8599656 outsize=12401 ok=1
Cmd: compileComputeKernel
  api=4 insize=8599656 outsize=17005 ok=1
Cmd: compileComputeKernel
  api=4 insize=8599656 outsize=201 ok=1
Cmd: compileComputeKernel
  api=4 insize=8599656 outsize=201 ok=1
Cmd: compileComputeKernel
  api=4 insize=8599656 outsize=201 ok=1
Cmd: compileComputeKernel
  api=4 insize=8599656 outsize=201 ok=1
Cmd: compileComputeKernel
  api=4 insize=8599656 outsize=201 ok=1
Cmd: compileComputeKernel
  api=4 insize=8599656 outsize=201 ok=1
Cmd: compileComputeKernel
  api=4 insize=8599656 outsize=201 ok=1
Cmd: compileComputeKernel
  api=4 insize=8599656 outsize=201 ok=1
Cmd: compileComputeKernel
  api=4 insize=8599656 outsize=201 ok=1
Cmd: compileComputeKernel
  api=4 insize=8599656 outsize=8269 ok=1
Cmd: compileComputeKernel
  api=4 insize=8599656 outsize=12453 ok=1
Cmd: compileComputeKernel
  api=4 insize=8599656 outsize=20449 ok=1
Cmd: compileComputeKernel
  api=4 insize=8599656 outsize=15021 ok=1
Cmd: compileComputeKernel
  api=4 insize=8599656 outsize=19645 ok=1
Cmd: compileComputeKernel
  api=4 insize=8599656 outsize=201 ok=1
Cmd: compileComputeKernel
  api=4 insize=8599656 outsize=201 ok=1
Cmd: compileComputeKernel
  api=4 insize=8599656 outsize=201 ok=1
Cmd: compileComputeKernel
  api=4 insize=8599656 outsize=201 ok=1
Cmd: compileComputeKernel
  api=4 insize=8599656 outsize=201 ok=1
Cmd: compileComputeKernel
  api=4 insize=8599656 outsize=201 ok=1
Cmd: compileComputeKernel
  api=4 insize=8599656 outsize=201 ok=1
Cmd: compileComputeKernel
  api=4 insize=8599656 outsize=201 ok=1
Cmd: compileComputeKernel
  api=4 insize=8599656 outsize=201 ok=1
Cmd: compileComputeKernel
  api=4 insize=8599656 outsize=201 ok=1
Cmd: compileComputeKernel
  api=4 insize=8599656 outsize=201 ok=1
Cmd: compileComputeKernel
  api=4 insize=8599656 outsize=201 ok=1
Cmd: compileComputeKernel
  api=4 insize=8599656 outsize=201 ok=1
Cmd: compileComputeKernel
  api=4 insize=8599656 outsize=201 ok=1
Cmd: compileComputeKernel
  api=4 insize=8599656 outsize=201 ok=1
Cmd: compileComputeKernel
  api=4 insize=8599656 outsize=201 ok=1
Cmd: compileComputeKernel
  api=4 insize=8599656 outsize=201 ok=1
Cmd: compileComputeKernel
  api=4 insize=8599656 outsize=201 ok=1
Cmd: compileComputeKernel
  api=4 insize=8599656 outsize=201 ok=1
Cmd: compileComputeKernel
  api=4 insize=8599656 outsize=201 ok=1
Cmd: compileComputeKernel
  api=4 insize=8599656 outsize=201 ok=1
Cmd: compileComputeKernel
  api=4 insize=8599656 outsize=201 ok=1
Cmd: compileComputeKernel
  api=4 insize=8599656 outsize=201 ok=1
Cmd: compileComputeKernel
  api=4 insize=8599656 outsize=201 ok=1
Cmd: compileComputeKernel
  api=4 insize=8599656 outsize=201 ok=1
Cmd: compileComputeKernel
  api=4 insize=8599656 outsize=201 ok=1
Cmd: compileComputeKernel
  api=4 insize=8599656 outsize=201 ok=1
Cmd: compileComputeKernel
  api=4 insize=8599656 outsize=201 ok=1
Cmd: compileComputeKernel
  api=4 insize=8599656 outsize=201 ok=1
Cmd: compileComputeKernel
  api=4 insize=8599656 outsize=201 ok=1
Cmd: compileComputeKernel
  api=4 insize=8599656 outsize=201 ok=1
Cmd: compileComputeKernel
  api=4 insize=8599656 outsize=201 ok=1
Cmd: compileComputeKernel
  api=4 insize=8599656 outsize=201 ok=1
Cmd: compileComputeKernel
  api=4 insize=8599656 outsize=201 ok=1
Cmd: compileComputeKernel
  api=4 insize=8599656 outsize=201 ok=1
Cmd: compileComputeKernel
  api=4 insize=8599656 outsize=201 ok=1
Cmd: compileComputeKernel
  api=4 insize=8599656 outsize=201 ok=1
Cmd: compileComputeKernel
  api=4 insize=8599656 outsize=201 ok=1
Cmd: compileComputeKernel
  api=4 insize=8599656 outsize=201 ok=1
Cmd: compileComputeKernel
  api=4 insize=8599656 outsize=201 ok=1
Cmd: compileComputeKernel
  api=4 insize=8599656 outsize=201 ok=1
Cmd: compileComputeKernel
  api=4 insize=8599656 outsize=201 ok=1
Cmd: compileComputeKernel
  api=4 insize=8599656 outsize=2453 ok=1
Cmd: compileComputeKernel
  api=4 insize=8599656 outsize=6693 ok=1
Cmd: compileComputeKernel
  api=4 insize=8599656 outsize=201 ok=1
Cmd: compileComputeKernel
  api=4 insize=8599656 outsize=201 ok=1
Cmd: compileComputeKernel
  api=4 insize=8599656 outsize=17741 ok=1
Cmd: compileComputeKernel
  api=4 insize=8599656 outsize=9261 ok=1
Cmd: compileComputeKernel
  api=4 insize=8599656 outsize=201 ok=1
Cmd: compileComputeKernel
  api=4 insize=8599656 outsize=201 ok=1
Cmd: compileComputeKernel
  api=4 insize=8599656 outsize=20145 ok=1
Cmd: compileComputeKernel
  api=4 insize=8599656 outsize=201 ok=1
Cmd: compileComputeKernel
  api=4 insize=8599656 outsize=201 ok=1
Cmd: compileComputeKernel
  api=4 insize=8599656 outsize=201 ok=1
Cmd: compileComputeKernel
  api=4 insize=8599656 outsize=201 ok=1
Cmd: compileComputeKernel
  api=4 insize=8599656 outsize=201 ok=1
Cmd: compileComputeKernel
  api=4 insize=8599656 outsize=201 ok=1
Cmd: compileComputeKernel
  api=4 insize=8599656 outsize=201 ok=1
Cmd: compileComputeKernel
  api=4 insize=8599656 outsize=201 ok=1
Cmd: compileComputeKernel
  api=4 insize=8599656 outsize=8637 ok=1
Cmd: compileComputeKernel
  api=4 insize=8599656 outsize=12821 ok=1
Cmd: compileComputeKernel
  api=4 insize=8599656 outsize=20817 ok=1
Cmd: compileComputeKernel
  api=4 insize=8599656 outsize=15573 ok=1
Cmd: compileComputeKernel
  api=4 insize=8599656 outsize=23133 ok=1
Cmd: compileComputeKernel
  api=4 insize=8599656 outsize=201 ok=1
Cmd: compileComputeKernel
  api=4 insize=8599656 outsize=201 ok=1
Cmd: compileComputeKernel
  api=4 insize=8599656 outsize=201 ok=1
Cmd: compileComputeKernel
  api=4 insize=8599656 outsize=201 ok=1
Cmd: compileComputeKernel
  api=4 insize=8599656 outsize=201 ok=1
Cmd: compileComputeKernel
  api=4 insize=8599656 outsize=201 ok=1
Cmd: compileComputeKernel
  api=4 insize=8599656 outsize=201 ok=1
Cmd: compileComputeKernel
  api=4 insize=8599656 outsize=201 ok=1
Cmd: compileComputeKernel
  api=4 insize=8599656 outsize=201 ok=1
Cmd: compileComputeKernel
  api=4 insize=8599656 outsize=201 ok=1
Cmd: compileComputeKernel
  api=4 insize=8599656 outsize=201 ok=1
Cmd: compileComputeKernel
  api=4 insize=8599656 outsize=201 ok=1
Cmd: compileComputeKernel
  api=4 insize=8599656 outsize=201 ok=1
Cmd: compileComputeKernel
  api=4 insize=8599656 outsize=201 ok=1
Cmd: compileComputeKernel
  api=4 insize=8599656 outsize=201 ok=1
Cmd: compileComputeKernel
  api=4 insize=8599656 outsize=201 ok=1
Cmd: compileComputeKernel
  api=4 insize=8599656 outsize=201 ok=1
Cmd: compileComputeKernel
  api=4 insize=8599656 outsize=201 ok=1
Cmd: compileComputeKernel
  api=4 insize=8599656 outsize=201 ok=1
Cmd: compileComputeKernel
  api=4 insize=8599656 outsize=201 ok=1
Cmd: compileComputeKernel
  api=4 insize=8599656 outsize=201 ok=1
Cmd: compileComputeKernel
  api=4 insize=8599656 outsize=201 ok=1
Cmd: compileComputeKernel
  api=4 insize=8599656 outsize=201 ok=1
Cmd: compileComputeKernel
  api=4 insize=8599656 outsize=201 ok=1
Cmd: compileComputeKernel
  api=4 insize=8599656 outsize=201 ok=1
Cmd: compileComputeKernel
  api=4 insize=8599656 outsize=201 ok=1
Cmd: compileComputeKernel
  api=4 insize=8599656 outsize=201 ok=1
Cmd: compileComputeKernel
  api=4 insize=8599656 outsize=201 ok=1
Cmd: compileComputeKernel
  api=4 insize=8599656 outsize=201 ok=1
Cmd: compileComputeKernel
  api=4 insize=8599656 outsize=201 ok=1
Cmd: compileComputeKernel
  api=4 insize=8599656 outsize=201 ok=1
Cmd: compileComputeKernel
  api=4 insize=8599656 outsize=201 ok=1
Cmd: compileComputeKernel
  api=4 insize=8599656 outsize=201 ok=1
Cmd: compileComputeKernel
  api=4 insize=8599656 outsize=201 ok=1
Cmd: compileComputeKernel
  api=4 insize=8599656 outsize=201 ok=1
Cmd: compileComputeKernel
  api=4 insize=8599656 outsize=201 ok=1
Cmd: compileComputeKernel
  api=4 insize=8599656 outsize=201 ok=1
Cmd: compileComputeKernel
  api=4 insize=8599656 outsize=201 ok=1
Cmd: compileComputeKernel
  api=4 insize=8599656 outsize=201 ok=1
Cmd: compileComputeKernel
  api=4 insize=8599656 outsize=201 ok=1
Cmd: compileComputeKernel
  api=4 insize=8599656 outsize=201 ok=1
Cmd: compileComputeKernel
  api=4 insize=8599656 outsize=201 ok=1
Cmd: compileComputeKernel
  api=4 insize=8599656 outsize=201 ok=1
Cmd: compileComputeKernel
  api=4 insize=8599656 outsize=201 ok=1
Cmd: compileComputeKernel
  api=4 insize=8599656 outsize=201 ok=1
Cmd: compileComputeKernel
  api=4 insize=8599656 outsize=201 ok=1
Cmd: compileComputeKernel
  api=4 insize=8599656 outsize=201 ok=1
Cmd: compileComputeKernel
  api=4 insize=8599656 outsize=201 ok=1
Cmd: compileComputeKernel
  api=4 insize=8599656 outsize=201 ok=1
Cmd: compileComputeKernel
  api=4 insize=8599656 outsize=201 ok=1
Cmd: compileComputeKernel
  api=4 insize=8599656 outsize=201 ok=1
Cmd: compileComputeKernel
  api=4 insize=8599656 outsize=201 ok=1
Cmd: compileComputeKernel
  api=4 insize=8599656 outsize=201 ok=1
Cmd: compileComputeKernel
  api=4 insize=8599656 outsize=201 ok=1
Cmd: compileComputeKernel
  api=4 insize=8599656 outsize=201 ok=1
Cmd: compileComputeKernel
  api=4 insize=8599656 outsize=201 ok=1
Cmd: compileComputeKernel
  api=4 insize=8599656 outsize=201 ok=1
Cmd: compileComputeKernel
  api=4 insize=8599656 outsize=201 ok=1
Cmd: compileComputeKernel
  api=4 insize=8599656 outsize=201 ok=1
Cmd: compileComputeKernel
  api=4 insize=8599656 outsize=201 ok=1
Cmd: compileComputeKernel
  api=4 insize=8599656 outsize=201 ok=1
Cmd: compileComputeKernel
  api=4 insize=8599656 outsize=201 ok=1
Cmd: compileComputeKernel
  api=4 insize=8599656 outsize=201 ok=1
Cmd: compileComputeKernel
  api=4 insize=8599656 outsize=201 ok=1
Cmd: compileComputeKernel
  api=4 insize=8599656 outsize=201 ok=1
Cmd: compileComputeKernel
  api=4 insize=8599656 outsize=201 ok=1
Cmd: compileComputeKernel
  api=4 insize=8599656 outsize=201 ok=1
Cmd: compileComputeKernel
  api=4 insize=8599656 outsize=201 ok=1
Cmd: compileComputeKernel
  api=4 insize=8599656 outsize=201 ok=1
Cmd: compileComputeKernel
  api=4 insize=8599656 outsize=201 ok=1
Cmd: compileComputeKernel
  api=4 insize=8599656 outsize=201 ok=1
Cmd: compileComputeKernel
  api=4 insize=8599656 outsize=201 ok=1
Cmd: compileComputeKernel
  api=4 insize=8599656 outsize=201 ok=1
Cmd: compileComputeKernel
  api=4 insize=8599656 outsize=201 ok=1
Cmd: compileComputeKernel
  api=4 insize=8599656 outsize=201 ok=1
Cmd: compileComputeKernel
  api=4 insize=8599656 outsize=201 ok=1
Cmd: compileComputeKernel
  api=4 insize=8599656 outsize=201 ok=1
Cmd: compileComputeKernel
  api=4 insize=8599656 outsize=201 ok=1
Cmd: compileComputeKernel
  api=4 insize=8599656 outsize=201 ok=1
Cmd: compileComputeKernel
  api=4 insize=8599656 outsize=201 ok=1
Cmd: compileComputeKernel
  api=4 insize=8599656 outsize=201 ok=1
Cmd: compileComputeKernel
  api=4 insize=8599656 outsize=201 ok=1
Cmd: compileComputeKernel
  api=4 insize=8599656 outsize=201 ok=1
Cmd: compileComputeKernel
  api=4 insize=8599656 outsize=201 ok=1
Cmd: compileComputeKernel
  api=4 insize=8599656 outsize=201 ok=1
Cmd: compileComputeKernel
  api=4 insize=8599656 outsize=201 ok=1
Cmd: compileComputeKernel
  api=4 insize=8599656 outsize=201 ok=1
Cmd: compileComputeKernel
  api=4 insize=8599656 outsize=201 ok=1
Cmd: compileComputeKernel
  api=4 insize=8599656 outsize=201 ok=1
Cmd: compileComputeKernel
  api=4 insize=8599656 outsize=201 ok=1
Cmd: compileComputeKernel
  api=4 insize=8599656 outsize=201 ok=1
Cmd: compileComputeKernel
  api=4 insize=8599656 outsize=201 ok=1
Cmd: compileComputeKernel
  api=4 insize=8599656 outsize=201 ok=1
Cmd: compileComputeKernel
  api=4 insize=8599656 outsize=201 ok=1
Cmd: compileComputeKernel
  api=4 insize=8599656 outsize=201 ok=1
Cmd: compileComputeKernel
  api=4 insize=8599656 outsize=201 ok=1
Cmd: compileComputeKernel
  api=4 insize=8599656 outsize=3541 ok=1
Cmd: compileComputeKernel
  api=4 insize=8599656 outsize=7773 ok=1
Cmd: compileComputeKernel
  api=4 insize=8599656 outsize=201 ok=1
Cmd: compileComputeKernel
  api=4 insize=8599656 outsize=201 ok=1
Cmd: compileComputeKernel
  api=4 insize=8599656 outsize=18821 ok=1
Cmd: compileComputeKernel
  api=4 insize=8599656 outsize=10525 ok=1
Cmd: compileComputeKernel
  api=4 insize=8599656 outsize=201 ok=1
Cmd: compileComputeKernel
  api=4 insize=8599656 outsize=18085 ok=1
Cmd: compileComputeKernel
  api=4 insize=8599656 outsize=4065 ok=1
Cmd: compileComputeKernel
  api=4 insize=8599656 outsize=7445 ok=1
Cmd: compileComputeKernel
  api=4 insize=8599656 outsize=11629 ok=1
Cmd: compileComputeKernel
  api=4 insize=8599656 outsize=19537 ok=1
Cmd: compileComputeKernel
  api=4 insize=8599656 outsize=201 ok=1
Cmd: compileComputeKernel
  api=4 insize=8599656 outsize=14381 ok=1
Cmd: compileComputeKernel
  api=4 insize=8599656 outsize=22037 ok=1
Cmd: compileComputeKernel
  api=4 insize=8599656 outsize=201 ok=1
Cmd: compileComputeKernel
  api=4 insize=8599656 outsize=201 ok=1
Cmd: compileComputeKernel
  api=4 insize=8599656 outsize=201 ok=1
Cmd: compileComputeKernel
  api=4 insize=8599656 outsize=201 ok=1
Cmd: compileComputeKernel
  api=4 insize=8599656 outsize=201 ok=1
Cmd: compileComputeKernel
  api=4 insize=8599656 outsize=201 ok=1
Cmd: compileComputeKernel
  api=4 insize=8599656 outsize=201 ok=1
Cmd: compileComputeKernel
  api=4 insize=8599656 outsize=201 ok=1
Cmd: compileComputeKernel
  api=4 insize=8599656 outsize=4829 ok=1
Cmd: compileComputeKernel
  api=4 insize=8599656 outsize=9069 ok=1
Cmd: compileComputeKernel
  api=4 insize=8599656 outsize=201 ok=1
Cmd: compileComputeKernel
  api=4 insize=8599656 outsize=201 ok=1
Cmd: compileComputeKernel
  api=4 insize=8599656 outsize=20301 ok=1
Cmd: compileComputeKernel
  api=4 insize=8599656 outsize=14777 ok=1
Cmd: compileComputeKernel
  api=4 insize=8599656 outsize=201 ok=1
Cmd: compileComputeKernel
  api=4 insize=8599656 outsize=22521 ok=1
Cmd: compileComputeKernel
  api=4 insize=8599656 outsize=201 ok=1
Cmd: compileComputeKernel
  api=4 insize=8599656 outsize=201 ok=1
Cmd: compileComputeKernel
  api=4 insize=8599656 outsize=201 ok=1
Cmd: compileComputeKernel
  api=4 insize=8599656 outsize=201 ok=1
Cmd: compileComputeKernel
  api=4 insize=8599656 outsize=201 ok=1
Cmd: compileComputeKernel
  api=4 insize=8599656 outsize=201 ok=1
Cmd: compileComputeKernel
  api=4 insize=8599656 outsize=201 ok=1
Cmd: compileComputeKernel
  api=4 insize=8599656 outsize=4065 ok=1
Cmd: compileComputeKernel
  api=4 insize=8599656 outsize=8305 ok=1
Cmd: compileComputeKernel
  api=4 insize=8599656 outsize=201 ok=1
Cmd: compileComputeKernel
  api=4 insize=8599656 outsize=201 ok=1
Cmd: compileComputeKernel
  api=4 insize=8599656 outsize=16301 ok=1
Cmd: compileComputeKernel
  api=4 insize=8599656 outsize=201 ok=1
Cmd: compileComputeKernel
  api=4 insize=8599656 outsize=201 ok=1
Cmd: compileComputeKernel
  api=4 insize=8599656 outsize=11241 ok=1
Cmd: compileComputeKernel
  api=4 insize=8599656 outsize=201 ok=1
Cmd: compileComputeKernel
  api=4 insize=8599656 outsize=18897 ok=1
Cmd: compileComputeKernel
  api=4 insize=8599656 outsize=201 ok=1
Cmd: compileComputeKernel
  api=4 insize=8599656 outsize=201 ok=1
Cmd: compileComputeKernel
  api=4 insize=8599656 outsize=201 ok=1
Cmd: compileComputeKernel
  api=4 insize=8599656 outsize=201 ok=1
Cmd: compileComputeKernel
  api=4 insize=8599656 outsize=201 ok=1
Cmd: compileComputeKernel
  api=4 insize=8599656 outsize=201 ok=1
Cmd: compileComputeKernel
  api=4 insize=8599656 outsize=201 ok=1
Cmd: compileComputeKernel
  api=4 insize=8599656 outsize=201 ok=1
Cmd: compileComputeKernel
  api=4 insize=8599656 outsize=201 ok=1
Cmd: compileComputeKernel
  api=4 insize=8599656 outsize=201 ok=1
Cmd: compileComputeKernel
  api=4 insize=8599656 outsize=5165 ok=1
Cmd: compileComputeKernel
  api=4 insize=8599656 outsize=9405 ok=1
Cmd: compileComputeKernel
  api=4 insize=8599656 outsize=201 ok=1
Cmd: compileComputeKernel
  api=4 insize=8599656 outsize=17313 ok=1
Cmd: compileComputeKernel
  api=4 insize=8599656 outsize=201 ok=1
Cmd: compileComputeKernel
  api=4 insize=8599656 outsize=201 ok=1
Cmd: compileComputeKernel
  api=4 insize=8599656 outsize=12157 ok=1
Cmd: compileComputeKernel
  api=4 insize=8599656 outsize=201 ok=1
Cmd: compileComputeKernel
  api=4 insize=8599656 outsize=19717 ok=1
Cmd: compileComputeKernel
  api=4 insize=8599656 outsize=201 ok=1
Cmd: compileComputeKernel
  api=4 insize=8599656 outsize=201 ok=1
Cmd: compileComputeKernel
  api=4 insize=8599656 outsize=201 ok=1
Cmd: compileComputeKernel
  api=4 insize=8599656 outsize=201 ok=1
Cmd: compileComputeKernel
  api=4 insize=8599656 outsize=201 ok=1
Cmd: compileComputeKernel
  api=4 insize=8599656 outsize=201 ok=1
Cmd: compileComputeKernel
  api=4 insize=8599656 outsize=201 ok=1
Cmd: compileComputeKernel
  api=4 insize=8599656 outsize=201 ok=1
Cmd: compileComputeKernel
  api=4 insize=8599656 outsize=201 ok=1
Cmd: compileComputeKernel
  api=4 insize=8599656 outsize=4249 ok=1
Cmd: compileComputeKernel
  api=4 insize=8599656 outsize=8305 ok=1
Cmd: compileComputeKernel
  api=4 insize=8599656 outsize=201 ok=1
Cmd: compileComputeKernel
  api=4 insize=8599656 outsize=201 ok=1
Cmd: compileComputeKernel
  api=4 insize=8599656 outsize=16301 ok=1
Cmd: compileComputeKernel
  api=4 insize=8599656 outsize=201 ok=1
Cmd: compileComputeKernel
  api=4 insize=8599656 outsize=201 ok=1
Cmd: compileComputeKernel
  api=4 insize=8599656 outsize=11057 ok=1
Cmd: compileComputeKernel
  api=4 insize=8599656 outsize=201 ok=1
Cmd: compileComputeKernel
  api=4 insize=8599656 outsize=201 ok=1
Cmd: compileComputeKernel
  api=4 insize=8599656 outsize=22037 ok=1
Cmd: compileComputeKernel
  api=4 insize=8599656 outsize=201 ok=1
Cmd: compileComputeKernel
  api=4 insize=8599656 outsize=201 ok=1
Cmd: compileComputeKernel
  api=4 insize=8599656 outsize=201 ok=1
Cmd: compileComputeKernel
  api=4 insize=8599656 outsize=201 ok=1
Cmd: compileComputeKernel
  api=4 insize=8599656 outsize=201 ok=1
Cmd: compileComputeKernel
  api=4 insize=8599656 outsize=201 ok=1
Cmd: compileComputeKernel
  api=4 insize=8599656 outsize=201 ok=1
Cmd: compileComputeKernel
  api=4 insize=8599656 outsize=201 ok=1
Cmd: compileComputeKernel
  api=4 insize=8599656 outsize=10065 ok=1
Cmd: compileComputeKernel
  api=4 insize=8599656 outsize=14249 ok=1
Cmd: compileComputeKernel
  api=4 insize=8599656 outsize=22061 ok=1
Cmd: compileComputeKernel
  api=4 insize=8599656 outsize=201 ok=1
Cmd: compileComputeKernel
  api=4 insize=8599656 outsize=17001 ok=1
Cmd: compileComputeKernel
  api=4 insize=8599656 outsize=21721 ok=1
Cmd: compileComputeKernel
  api=4 insize=8599656 outsize=201 ok=1
Cmd: compileComputeKernel
  api=4 insize=8599656 outsize=201 ok=1
Cmd: compileComputeKernel
  api=4 insize=8599656 outsize=201 ok=1
Cmd: compileComputeKernel
  api=4 insize=8599656 outsize=201 ok=1
Cmd: compileComputeKernel
  api=4 insize=8599656 outsize=201 ok=1
Cmd: compileComputeKernel
  api=4 insize=8599656 outsize=201 ok=1
Cmd: compileComputeKernel
  api=4 insize=8599656 outsize=201 ok=1
Cmd: compileComputeKernel
  api=4 insize=8599656 outsize=201 ok=1
Cmd: compileComputeKernel
  api=4 insize=8599656 outsize=201 ok=1
Cmd: compileComputeKernel
  api=4 insize=8599656 outsize=201 ok=1
Cmd: compileComputeKernel
  api=4 insize=8599656 outsize=201 ok=1
Cmd: compileComputeKernel
  api=4 insize=8599656 outsize=201 ok=1
Cmd: compileComputeKernel
  api=4 insize=8599656 outsize=201 ok=1
Cmd: compileComputeKernel
  api=4 insize=8599656 outsize=201 ok=1
Cmd: compileComputeKernel
  api=4 insize=8599656 outsize=201 ok=1
Cmd: compileComputeKernel
  api=4 insize=8599656 outsize=201 ok=1
Cmd: compileComputeKernel
  api=4 insize=8599656 outsize=201 ok=1
Cmd: compileComputeKernel
  api=4 insize=8599656 outsize=201 ok=1
Cmd: compileComputeKernel
  api=4 insize=8599656 outsize=201 ok=1
Cmd: compileComputeKernel
  api=4 insize=8599656 outsize=201 ok=1
Cmd: compileComputeKernel
  api=4 insize=8599656 outsize=201 ok=1
Cmd: compileComputeKernel
  api=4 insize=8599656 outsize=201 ok=1
Cmd: compileComputeKernel
  api=4 insize=8599656 outsize=201 ok=1
Cmd: compileComputeKernel
  api=4 insize=8599656 outsize=201 ok=1
Cmd: compileComputeKernel
  api=4 insize=8599656 outsize=201 ok=1
Cmd: compileComputeKernel
  api=4 insize=8599656 outsize=201 ok=1
Cmd: compileComputeKernel
  api=4 insize=8599656 outsize=201 ok=1
Cmd: compileComputeKernel
  api=4 insize=8599656 outsize=201 ok=1
Cmd: compileComputeKernel
  api=4 insize=8599656 outsize=201 ok=1
Cmd: compileComputeKernel
  api=4 insize=8599656 outsize=201 ok=1
Cmd: compileComputeKernel
  api=4 insize=8599656 outsize=201 ok=1
Cmd: compileComputeKernel
  api=4 insize=8599656 outsize=201 ok=1
Cmd: compileComputeKernel
  api=4 insize=8599656 outsize=201 ok=1
Cmd: compileComputeKernel
  api=4 insize=8599656 outsize=201 ok=1
Cmd: compileComputeKernel
  api=4 insize=8599656 outsize=201 ok=1
Cmd: compileComputeKernel
  api=4 insize=8599656 outsize=201 ok=1
Cmd: compileComputeKernel
  api=4 insize=8599656 outsize=201 ok=1
Cmd: compileComputeKernel
  api=4 insize=8599656 outsize=201 ok=1
Cmd: compileComputeKernel
  api=4 insize=8599656 outsize=201 ok=1
Cmd: compileComputeKernel
  api=4 insize=8599656 outsize=201 ok=1
Cmd: compileComputeKernel
  api=4 insize=8599656 outsize=201 ok=1
Cmd: compileComputeKernel
  api=4 insize=8599656 outsize=7261 ok=1
Cmd: compileComputeKernel
  api=4 insize=8599656 outsize=11445 ok=1
Cmd: compileComputeKernel
  api=4 insize=8599656 outsize=16301 ok=1
Cmd: compileComputeKernel
  api=4 insize=8599656 outsize=201 ok=1
Cmd: compileComputeKernel
  api=4 insize=8599656 outsize=201 ok=1
Cmd: compileComputeKernel
  api=4 insize=8599656 outsize=11241 ok=1
Cmd: compileComputeKernel
  api=4 insize=8599656 outsize=201 ok=1
Cmd: compileComputeKernel
  api=4 insize=8599656 outsize=18897 ok=1
Cmd: compileComputeKernel
  api=4 insize=8599656 outsize=201 ok=1
Cmd: compileComputeKernel
  api=4 insize=8599656 outsize=201 ok=1
Cmd: compileComputeKernel
  api=4 insize=8599656 outsize=201 ok=1
Cmd: compileComputeKernel
  api=4 insize=8599656 outsize=201 ok=1
Cmd: compileComputeKernel
  api=4 insize=8599656 outsize=201 ok=1
Cmd: compileComputeKernel
  api=4 insize=8599656 outsize=201 ok=1
Cmd: compileComputeKernel
  api=4 insize=8599656 outsize=201 ok=1
Cmd: compileComputeKernel
  api=4 insize=8599656 outsize=201 ok=1
Cmd: compileComputeKernel
  api=4 insize=8599656 outsize=201 ok=1
Cmd: compileComputeKernel
  api=4 insize=8599656 outsize=201 ok=1
Cmd: compileComputeKernel
  api=4 insize=8599656 outsize=10249 ok=1
Cmd: compileComputeKernel
  api=4 insize=8599656 outsize=14433 ok=1
Cmd: compileComputeKernel
  api=4 insize=8599656 outsize=19293 ok=1
Cmd: compileComputeKernel
  api=4 insize=8599656 outsize=201 ok=1
Cmd: compileComputeKernel
  api=4 insize=8599656 outsize=201 ok=1
Cmd: compileComputeKernel
  api=4 insize=8599656 outsize=14049 ok=1
Cmd: compileComputeKernel
  api=4 insize=8599656 outsize=201 ok=1
Cmd: compileComputeKernel
  api=4 insize=8599656 outsize=201 ok=1
Cmd: compileComputeKernel
  api=4 insize=8599656 outsize=22073 ok=1
Cmd: compileComputeKernel
  api=4 insize=8599656 outsize=201 ok=1
Cmd: compileComputeKernel
  api=4 insize=8599656 outsize=201 ok=1
Cmd: compileComputeKernel
  api=4 insize=8599656 outsize=201 ok=1
Cmd: compileComputeKernel
  api=4 insize=8599656 outsize=201 ok=1
Cmd: compileComputeKernel
  api=4 insize=8599656 outsize=201 ok=1
Cmd: compileComputeKernel
  api=4 insize=8599656 outsize=201 ok=1
Cmd: compileComputeKernel
  api=4 insize=8599656 outsize=201 ok=1
Cmd: compileComputeKernel
  api=4 insize=8599656 outsize=201 ok=1
Cmd: compileComputeKernel
  api=4 insize=8599656 outsize=201 ok=1
Cmd: compileComputeKernel
  api=4 insize=8599656 outsize=201 ok=1
Cmd: compileComputeKernel
  api=4 insize=8599656 outsize=201 ok=1
Cmd: compileComputeKernel
  api=4 insize=8599656 outsize=201 ok=1
Cmd: compileComputeKernel
  api=4 insize=8599656 outsize=201 ok=1
Cmd: compileComputeKernel
  api=4 insize=8599656 outsize=201 ok=1
Cmd: compileComputeKernel
  api=4 insize=8599656 outsize=201 ok=1
Cmd: compileComputeKernel
  api=4 insize=8599656 outsize=201 ok=1
Cmd: compileComputeKernel
  api=4 insize=8599656 outsize=201 ok=1
Cmd: compileComputeKernel
  api=4 insize=8599656 outsize=201 ok=1
Cmd: compileComputeKernel
  api=4 insize=8599656 outsize=201 ok=1
Cmd: compileComputeKernel
  api=4 insize=8599656 outsize=201 ok=1
Cmd: compileComputeKernel
  api=4 insize=8599656 outsize=201 ok=1
Cmd: compileComputeKernel
  api=4 insize=8599656 outsize=201 ok=1
Cmd: compileComputeKernel
  api=4 insize=8599656 outsize=201 ok=1
Cmd: compileComputeKernel
  api=4 insize=8599656 outsize=201 ok=1
Cmd: compileComputeKernel
  api=4 insize=8599656 outsize=201 ok=1
Cmd: compileComputeKernel
  api=4 insize=8599656 outsize=201 ok=1
Cmd: compileComputeKernel
  api=4 insize=8599656 outsize=201 ok=1
Cmd: compileComputeKernel
  api=4 insize=8599656 outsize=201 ok=1
Cmd: compileComputeKernel
  api=4 insize=8599656 outsize=201 ok=1
Cmd: compileComputeKernel
  api=4 insize=8599656 outsize=201 ok=1
Cmd: compileComputeKernel
  api=4 insize=8599656 outsize=201 ok=1
Cmd: compileComputeKernel
  api=4 insize=8599656 outsize=201 ok=1
Cmd: compileComputeKernel
  api=4 insize=8599656 outsize=201 ok=1
Cmd: compileComputeKernel
  api=4 insize=8599656 outsize=201 ok=1
Cmd: compileComputeKernel
  api=4 insize=8599656 outsize=201 ok=1
Cmd: compileComputeKernel
  api=4 insize=8599656 outsize=201 ok=1
Cmd: compileComputeKernel
  api=4 insize=8599656 outsize=201 ok=1
Cmd: compileComputeKernel
  api=4 insize=8599656 outsize=201 ok=1
Cmd: compileComputeKernel
  api=4 insize=8599656 outsize=201 ok=1
Cmd: compileComputeKernel
  api=4 insize=8599656 outsize=201 ok=1
Cmd: compileComputeKernel
  api=4 insize=8599656 outsize=201 ok=1
Cmd: compileComputeKernel
  api=4 insize=8599656 outsize=201 ok=1
Cmd: compileComputeKernel
  api=4 insize=8599656 outsize=201 ok=1
Cmd: compileComputeKernel
  api=4 insize=8599656 outsize=201 ok=1
Cmd: compileComputeKernel
  api=4 insize=8599656 outsize=201 ok=1
Cmd: compileComputeKernel
  api=4 insize=8599656 outsize=201 ok=1
Cmd: compileComputeKernel
  api=4 insize=8599656 outsize=201 ok=1
Cmd: compileComputeKernel
  api=4 insize=8599656 outsize=201 ok=1
Cmd: compileComputeKernel
  api=4 insize=8599656 outsize=201 ok=1
Cmd: compileComputeKernel
  api=4 insize=8599656 outsize=201 ok=1
Cmd: compileComputeKernel
  api=4 insize=8599656 outsize=201 ok=1
Cmd: compileComputeKernel
  api=4 insize=8599656 outsize=201 ok=1
Cmd: compileComputeKernel
  api=4 insize=8599656 outsize=201 ok=1
Cmd: compileComputeKernel
  api=4 insize=8599656 outsize=201 ok=1
Cmd: compileComputeKernel
  api=4 insize=8599656 outsize=201 ok=1
Cmd: compileComputeKernel
  api=4 insize=8599656 outsize=201 ok=1
Cmd: compileComputeKernel
  api=4 insize=8599656 outsize=201 ok=1
Cmd: compileComputeKernel
  api=4 insize=8599656 outsize=201 ok=1
Cmd: compileComputeKernel
  api=4 insize=8599656 outsize=201 ok=1
Cmd: compileComputeKernel
  api=4 insize=8599656 outsize=201 ok=1
Cmd: compileComputeKernel
  api=4 insize=8599656 outsize=201 ok=1
Cmd: compileComputeKernel
  api=4 insize=8599656 outsize=201 ok=1
Cmd: compileComputeKernel
  api=4 insize=8599656 outsize=201 ok=1
Cmd: compileComputeKernel
  api=4 insize=8599656 outsize=201 ok=1
Cmd: compileComputeKernel
  api=4 insize=8599656 outsize=201 ok=1
Cmd: compileComputeKernel
  api=4 insize=8599656 outsize=201 ok=1
Cmd: compileComputeKernel
  api=4 insize=8599656 outsize=201 ok=1
Cmd: compileComputeKernel
  api=4 insize=8599656 outsize=201 ok=1
Cmd: compileComputeKernel
  api=4 insize=8599656 outsize=201 ok=1
Cmd: compileComputeKernel
  api=4 insize=8599656 outsize=201 ok=1
Cmd: compileComputeKernel
  api=4 insize=8599656 outsize=201 ok=1
Cmd: compileComputeKernel
  api=4 insize=8599656 outsize=201 ok=1
Cmd: compileComputeKernel
  api=4 insize=8599656 outsize=201 ok=1
Cmd: compileComputeKernel
  api=4 insize=8599656 outsize=201 ok=1
Cmd: compileComputeKernel
  api=4 insize=8599656 outsize=201 ok=1
Cmd: compileComputeKernel
  api=4 insize=8599656 outsize=201 ok=1
Cmd: compileComputeKernel
  api=4 insize=8599656 outsize=201 ok=1
Cmd: compileComputeKernel
  api=4 insize=8599656 outsize=201 ok=1
Cmd: compileComputeKernel
  api=4 insize=8599656 outsize=201 ok=1
Cmd: compileComputeKernel
  api=4 insize=8599656 outsize=201 ok=1
Cmd: compileComputeKernel
  api=4 insize=8599656 outsize=201 ok=1
Cmd: compileComputeKernel
  api=4 insize=8599656 outsize=201 ok=1
Cmd: compileComputeKernel
  api=4 insize=8599656 outsize=201 ok=1
Cmd: compileComputeKernel
  api=4 insize=8599656 outsize=201 ok=1
Cmd: compileComputeKernel
  api=4 insize=8599656 outsize=201 ok=1
Cmd: compileComputeKernel
  api=4 insize=8599656 outsize=201 ok=1
Cmd: compileComputeKernel
  api=4 insize=8599656 outsize=201 ok=1
Cmd: compileComputeKernel
  api=4 insize=8599656 outsize=201 ok=1
Cmd: compileComputeKernel
  api=4 insize=8599656 outsize=201 ok=1
Cmd: compileComputeKernel
  api=4 insize=8599656 outsize=201 ok=1
Cmd: compileComputeKernel
  api=4 insize=8599656 outsize=201 ok=1
Cmd: compileComputeKernel
  api=4 insize=8599656 outsize=201 ok=1
Cmd: compileComputeKernel
  api=4 insize=8599656 outsize=201 ok=1
Cmd: compileComputeKernel
  api=4 insize=8599656 outsize=201 ok=1
Cmd: compileComputeKernel
  api=4 insize=8599656 outsize=201 ok=1
Cmd: compileComputeKernel
  api=4 insize=8599656 outsize=201 ok=1
Cmd: compileComputeKernel
  api=4 insize=8599656 outsize=201 ok=1
Cmd: compileComputeKernel
  api=4 insize=8599656 outsize=201 ok=1
Cmd: compileComputeKernel
  api=4 insize=8599656 outsize=201 ok=1
Cmd: compileComputeKernel
  api=4 insize=8599656 outsize=201 ok=1
Cmd: compileComputeKernel
  api=4 insize=8599656 outsize=201 ok=1
Cmd: compileComputeKernel
  api=4 insize=8599656 outsize=201 ok=1
Cmd: compileComputeKernel
  api=4 insize=8599656 outsize=201 ok=1
Cmd: compileComputeKernel
  api=4 insize=8599656 outsize=201 ok=1
Cmd: compileComputeKernel
  api=4 insize=8599656 outsize=201 ok=1
Cmd: compileComputeKernel
  api=4 insize=8599656 outsize=201 ok=1
Cmd: compileComputeKernel
  api=4 insize=8599656 outsize=201 ok=1
Cmd: compileComputeKernel
  api=4 insize=8599656 outsize=201 ok=1
Cmd: compileComputeKernel
  api=4 insize=8599656 outsize=201 ok=1
Cmd: compileComputeKernel
  api=4 insize=8599656 outsize=201 ok=1
Cmd: compileComputeKernel
  api=4 insize=8599656 outsize=201 ok=1
Cmd: compileComputeKernel
  api=4 insize=8599656 outsize=201 ok=1
Cmd: compileComputeKernel
  api=4 insize=8599656 outsize=201 ok=1
Cmd: compileComputeKernel
  api=4 insize=8599656 outsize=201 ok=1
Cmd: compileComputeKernel
  api=4 insize=8599656 outsize=201 ok=1
Cmd: compileComputeKernel
  api=4 insize=8599656 outsize=201 ok=1
Cmd: compileComputeKernel
  api=4 insize=8599656 outsize=201 ok=1
Cmd: compileComputeKernel
  api=4 insize=8599656 outsize=201 ok=1
Cmd: compileComputeKernel
  api=4 insize=8599656 outsize=201 ok=1
Cmd: compileComputeKernel
  api=4 insize=8599656 outsize=201 ok=1
Cmd: compileComputeKernel
  api=4 insize=8599656 outsize=201 ok=1
Cmd: compileComputeKernel
  api=4 insize=8599656 outsize=201 ok=1
Cmd: compileComputeKernel
  api=4 insize=8599656 outsize=201 ok=1
Cmd: compileComputeKernel
  api=4 insize=8599656 outsize=201 ok=1
Cmd: compileComputeKernel
  api=4 insize=8599656 outsize=201 ok=1
Cmd: compileComputeKernel
  api=4 insize=8599656 outsize=201 ok=1
Cmd: compileComputeKernel
  api=4 insize=8599656 outsize=201 ok=1
Cmd: compileComputeKernel
  api=4 insize=8599656 outsize=201 ok=1
Cmd: compileComputeKernel
  api=4 insize=8599656 outsize=201 ok=1
Cmd: compileComputeKernel
  api=4 insize=8599656 outsize=201 ok=1
Cmd: compileComputeKernel
  api=4 insize=8599656 outsize=201 ok=1
Cmd: compileComputeKernel
  api=4 insize=8599656 outsize=201 ok=1
Cmd: compileComputeKernel
  api=4 insize=8599656 outsize=201 ok=1
Cmd: compileComputeKernel
  api=4 insize=8599656 outsize=201 ok=1
Cmd: compileComputeKernel
  api=4 insize=8599656 outsize=201 ok=1
Cmd: compileComputeKernel
  api=4 insize=8599656 outsize=201 ok=1
Cmd: compileComputeKernel
  api=4 insize=8599656 outsize=201 ok=1
Cmd: compileComputeKernel
  api=4 insize=8599656 outsize=201 ok=1
Cmd: compileComputeKernel
  api=4 insize=8599656 outsize=201 ok=1
Cmd: compileComputeKernel
  api=4 insize=8599656 outsize=201 ok=1
Cmd: compileComputeKernel
  api=4 insize=8599656 outsize=201 ok=1
Cmd: compileComputeKernel
  api=4 insize=8599656 outsize=201 ok=1
Cmd: compileComputeKernel
  api=4 insize=8599656 outsize=201 ok=1
Cmd: compileComputeKernel
  api=4 insize=8599656 outsize=201 ok=1
Cmd: compileComputeKernel
  api=4 insize=8599656 outsize=201 ok=1
Cmd: compileComputeKernel
  api=4 insize=8599656 outsize=201 ok=1
Cmd: compileComputeKernel
  api=4 insize=8599656 outsize=201 ok=1
Cmd: compileComputeKernel
  api=4 insize=8599656 outsize=201 ok=1
Cmd: compileComputeKernel
  api=4 insize=8599656 outsize=201 ok=1
Cmd: compileComputeKernel
  api=4 insize=8599656 outsize=201 ok=1
Cmd: compileComputeKernel
  api=4 insize=8599656 outsize=201 ok=1
Cmd: compileComputeKernel
  api=4 insize=8599656 outsize=201 ok=1
Cmd: compileComputeKernel
  api=4 insize=8599656 outsize=201 ok=1
Cmd: compileComputeKernel
  api=4 insize=8599656 outsize=201 ok=1
Cmd: compileComputeKernel
  api=4 insize=8599656 outsize=201 ok=1
Cmd: compileComputeKernel
  api=4 insize=8599656 outsize=201 ok=1
Cmd: compileComputeKernel
  api=4 insize=8599656 outsize=201 ok=1
Cmd: compileComputeKernel
  api=4 insize=8599656 outsize=201 ok=1
Cmd: compileComputeKernel
  api=4 insize=8599656 outsize=201 ok=1
Cmd: compileComputeKernel
  api=4 insize=8599656 outsize=201 ok=1
Cmd: compileComputeKernel
  api=4 insize=8599656 outsize=201 ok=1
Cmd: compileComputeKernel
  api=4 insize=8599656 outsize=201 ok=1
Cmd: compileComputeKernel
  api=4 insize=8599656 outsize=201 ok=1
Cmd: compileComputeKernel
  api=4 insize=8599656 outsize=201 ok=1
Cmd: compileComputeKernel
  api=4 insize=8599656 outsize=201 ok=1
Cmd: compileComputeKernel
  api=4 insize=8599656 outsize=201 ok=1
Cmd: compileComputeKernel
  api=4 insize=8599656 outsize=201 ok=1
Cmd: compileComputeKernel
  api=4 insize=8599656 outsize=201 ok=1
Cmd: compileComputeKernel
  api=4 insize=8599656 outsize=201 ok=1
Cmd: compileComputeKernel
  api=4 insize=8599656 outsize=201 ok=1
Cmd: compileComputeKernel
  api=4 insize=8599656 outsize=201 ok=1
Cmd: compileComputeKernel
  api=4 insize=8599656 outsize=201 ok=1
Cmd: compileComputeKernel
  api=4 insize=8599656 outsize=201 ok=1
Cmd: compileComputeKernel
  api=4 insize=8599656 outsize=201 ok=1
Cmd: compileComputeKernel
  api=4 insize=8599656 outsize=201 ok=1
Cmd: compileComputeKernel
  api=4 insize=8599656 outsize=201 ok=1
Cmd: compileComputeKernel
  api=4 insize=8599656 outsize=201 ok=1
Cmd: compileComputeKernel
  api=4 insize=8599656 outsize=201 ok=1
Cmd: compileComputeKernel
  api=4 insize=8599656 outsize=201 ok=1
Cmd: compileComputeKernel
  api=4 insize=8599656 outsize=201 ok=1
Cmd: compileComputeKernel
  api=4 insize=8599656 outsize=201 ok=1
Cmd: compileComputeKernel
  api=4 insize=8599656 outsize=201 ok=1
Cmd: compileComputeKernel
  api=4 insize=8599656 outsize=201 ok=1
Cmd: compileComputeKernel
  api=4 insize=8599656 outsize=201 ok=1
Cmd: compileComputeKernel
  api=4 insize=8599656 outsize=201 ok=1
Cmd: compileComputeKernel
  api=4 insize=8599656 outsize=201 ok=1
Cmd: compileComputeKernel
  api=4 insize=8599656 outsize=201 ok=1
Cmd: compileComputeKernel
  api=4 insize=8599656 outsize=201 ok=1
Cmd: compileComputeKernel
  api=4 insize=8599656 outsize=201 ok=1
Cmd: compileComputeKernel
  api=4 insize=8599656 outsize=201 ok=1
Cmd: compileComputeKernel
  api=4 insize=8599656 outsize=201 ok=1
Cmd: compileComputeKernel
  api=4 insize=8599656 outsize=201 ok=1
Cmd: compileComputeKernel
  api=4 insize=8599656 outsize=201 ok=1
Cmd: compileComputeKernel
  api=4 insize=8599656 outsize=201 ok=1
Cmd: compileComputeKernel
  api=4 insize=8599656 outsize=201 ok=1
Cmd: compileComputeKernel
  api=4 insize=8599656 outsize=201 ok=1
Cmd: compileComputeKernel
  api=4 insize=8599656 outsize=201 ok=1
Cmd: compileComputeKernel
  api=4 insize=8599656 outsize=201 ok=1
Cmd: compileComputeKernel
  api=4 insize=8599656 outsize=201 ok=1
Cmd: compileComputeKernel
  api=4 insize=8599656 outsize=201 ok=1
Cmd: compileComputeKernel
  api=4 insize=8599656 outsize=201 ok=1
Cmd: compileComputeKernel
  api=4 insize=8599656 outsize=201 ok=1
Cmd: compileComputeKernel
  api=4 insize=8599656 outsize=201 ok=1
Cmd: compileComputeKernel
  api=4 insize=8599656 outsize=201 ok=1
Cmd: compileComputeKernel
  api=4 insize=8599656 outsize=201 ok=1
Cmd: compileComputeKernel
  api=4 insize=8599656 outsize=201 ok=1
Cmd: compileComputeKernel
  api=4 insize=8599656 outsize=201 ok=1
Cmd: compileComputeKernel
  api=4 insize=8599656 outsize=201 ok=1
Cmd: compileComputeKernel
  api=4 insize=8599656 outsize=201 ok=1
Cmd: compileComputeKernel
  api=4 insize=8599656 outsize=201 ok=1
Cmd: compileComputeKernel
  api=4 insize=8599656 outsize=201 ok=1
Cmd: compileComputeKernel
  api=4 insize=8599656 outsize=201 ok=1
Cmd: compileComputeKernel
  api=4 insize=8599656 outsize=201 ok=1
Cmd: compileComputeKernel
  api=4 insize=8599656 outsize=201 ok=1
Cmd: compileComputeKernel
  api=4 insize=8599656 outsize=201 ok=1
Cmd: compileComputeKernel
  api=4 insize=8599656 outsize=201 ok=1
Cmd: compileComputeKernel
  api=4 insize=8599656 outsize=201 ok=1
Cmd: compileComputeKernel
  api=4 insize=8599656 outsize=201 ok=1
Cmd: compileComputeKernel
  api=4 insize=8599656 outsize=201 ok=1
Cmd: compileComputeKernel
  api=4 insize=8599656 outsize=201 ok=1
Cmd: compileComputeKernel
  api=4 insize=8599656 outsize=201 ok=1
Cmd: compileComputeKernel
  api=4 insize=8599656 outsize=201 ok=1
Cmd: compileComputeKernel
  api=4 insize=8599656 outsize=201 ok=1
Cmd: compileComputeKernel
  api=4 insize=8599656 outsize=201 ok=1
Cmd: compileComputeKernel
  api=4 insize=8599656 outsize=201 ok=1
Cmd: compileComputeKernel
  api=4 insize=8599656 outsize=201 ok=1
Cmd: compileComputeKernel
  api=4 insize=8599656 outsize=201 ok=1
Cmd: compileComputeKernel
  api=4 insize=8599656 outsize=201 ok=1
Cmd: compileComputeKernel
  api=4 insize=8599656 outsize=201 ok=1
Cmd: compileComputeKernel
  api=4 insize=8599656 outsize=201 ok=1
Cmd: compileComputeKernel
  api=4 insize=8599656 outsize=201 ok=1
Cmd: compileComputeKernel
  api=4 insize=8599656 outsize=201 ok=1
Cmd: compileComputeKernel
  api=4 insize=8599656 outsize=201 ok=1
Cmd: compileComputeKernel
  api=4 insize=8599656 outsize=201 ok=1
Cmd: compileComputeKernel
  api=4 insize=8599656 outsize=201 ok=1
Cmd: compileComputeKernel
  api=4 insize=8599656 outsize=201 ok=1
Cmd: compileComputeKernel
  api=4 insize=8599656 outsize=201 ok=1
Cmd: compileComputeKernel
  api=4 insize=8599656 outsize=201 ok=1
Cmd: compileComputeKernel
  api=4 insize=8599656 outsize=201 ok=1
Cmd: compileComputeKernel
  api=4 insize=8599656 outsize=201 ok=1
Cmd: compileComputeKernel
  api=4 insize=8599656 outsize=201 ok=1
Cmd: compileComputeKernel
  api=4 insize=8599656 outsize=201 ok=1
Cmd: compileComputeKernel
  api=4 insize=8599656 outsize=201 ok=1
Cmd: compileComputeKernel
  api=4 insize=8599656 outsize=201 ok=1
Cmd: compileComputeKernel
  api=4 insize=8599656 outsize=201 ok=1
Cmd: compileComputeKernel
  api=4 insize=8599656 outsize=201 ok=1
Cmd: compileComputeKernel
  api=4 insize=8599656 outsize=201 ok=1
Cmd: compileComputeKernel
  api=4 insize=8599656 outsize=201 ok=1
Cmd: compileComputeKernel
  api=4 insize=8599656 outsize=201 ok=1
Cmd: compileComputeKernel
  api=4 insize=8599656 outsize=201 ok=1
Cmd: compileComputeKernel
  api=4 insize=8599656 outsize=201 ok=1
Cmd: compileComputeKernel
  api=4 insize=8599656 outsize=201 ok=1
Cmd: compileComputeKernel
  api=4 insize=8599656 outsize=201 ok=1
Cmd: compileComputeKernel
  api=4 insize=8599656 outsize=201 ok=1
Cmd: compileComputeKernel
  api=4 insize=8599656 outsize=201 ok=1
Cmd: compileComputeKernel
  api=4 insize=8599656 outsize=201 ok=1
Cmd: compileComputeKernel
  api=4 insize=8599656 outsize=201 ok=1
Cmd: compileComputeKernel
  api=4 insize=8599656 outsize=201 ok=1
Cmd: compileComputeKernel
  api=4 insize=8599656 outsize=201 ok=1
Cmd: compileComputeKernel
  api=4 insize=8599656 outsize=201 ok=1
Cmd: compileComputeKernel
  api=4 insize=8599656 outsize=201 ok=1
Cmd: compileComputeKernel
  api=4 insize=8599656 outsize=201 ok=1
Cmd: compileComputeKernel
  api=4 insize=8599656 outsize=201 ok=1
Cmd: compileComputeKernel
  api=4 insize=8599656 outsize=201 ok=1
Cmd: compileComputeKernel
  api=4 insize=8599656 outsize=201 ok=1
Cmd: compileComputeKernel
  api=4 insize=8599656 outsize=201 ok=1
Cmd: compileComputeKernel
  api=4 insize=8599656 outsize=201 ok=1
Cmd: compileComputeKernel
  api=4 insize=8599656 outsize=201 ok=1
Cmd: compileComputeKernel
  api=4 insize=8599656 outsize=201 ok=1
Cmd: compileComputeKernel
  api=4 insize=8599656 outsize=201 ok=1
Cmd: compileComputeKernel
  api=4 insize=8599656 outsize=201 ok=1
Cmd: compileComputeKernel
  api=4 insize=8599656 outsize=201 ok=1
Cmd: compileComputeKernel
  api=4 insize=8599656 outsize=201 ok=1
Cmd: compileComputeKernel
  api=4 insize=8599656 outsize=201 ok=1
Cmd: compileComputeKernel
  api=4 insize=8599656 outsize=201 ok=1
Cmd: compileComputeKernel
  api=4 insize=8599656 outsize=201 ok=1
Cmd: compileComputeKernel
  api=4 insize=8599656 outsize=201 ok=1
Cmd: compileComputeKernel
  api=4 insize=8599656 outsize=201 ok=1
Cmd: compileComputeKernel
  api=4 insize=8599656 outsize=201 ok=1
Cmd: compileComputeKernel
  api=4 insize=8599656 outsize=201 ok=1
Cmd: compileComputeKernel
  api=4 insize=8599656 outsize=201 ok=1
Cmd: compileComputeKernel
  api=4 insize=8599656 outsize=201 ok=1
Cmd: compileComputeKernel
  api=4 insize=8599656 outsize=201 ok=1
Cmd: compileComputeKernel
  api=4 insize=8599656 outsize=201 ok=1
Cmd: compileComputeKernel
  api=4 insize=8599656 outsize=201 ok=1
Cmd: compileComputeKernel
  api=4 insize=8599656 outsize=201 ok=1
Cmd: compileComputeKernel
  api=4 insize=8599656 outsize=201 ok=1
Cmd: compileComputeKernel
  api=4 insize=8599656 outsize=201 ok=1
Cmd: compileComputeKernel
  api=4 insize=8599656 outsize=201 ok=1
Cmd: compileComputeKernel
  api=4 insize=8599656 outsize=201 ok=1
Cmd: compileComputeKernel
  api=4 insize=8599656 outsize=201 ok=1
Cmd: compileComputeKernel
  api=4 insize=8599656 outsize=201 ok=1
Cmd: compileComputeKernel
  api=4 insize=8599656 outsize=201 ok=1
Cmd: compileComputeKernel
  api=4 insize=8599656 outsize=201 ok=1
Cmd: compileComputeKernel
  api=4 insize=8599656 outsize=201 ok=1
Cmd: compileComputeKernel
  api=4 insize=8599656 outsize=201 ok=1
Cmd: compileComputeKernel
  api=4 insize=8599656 outsize=201 ok=1
Cmd: compileComputeKernel
  api=4 insize=8599656 outsize=201 ok=1
Cmd: compileComputeKernel
  api=4 insize=8599656 outsize=201 ok=1
Cmd: compileComputeKernel
