Base path: C:/Program Files/Unity/Editor/Data
Cmd: initializeCompiler
Cmd: compileComputeKernel
  api=4 insize=3273 outsize=577 ok=1
Cmd: compileComputeKernel
  api=4 insize=8599656 outsize=2317 ok=1
Cmd: compileComputeKernel
  api=4 insize=8599656 outsize=8493 ok=1
Cmd: compileComputeKernel
  api=4 insize=8599656 outsize=13045 ok=1
Cmd: compileComputeKernel
  api=4 insize=8599656 outsize=201 ok=1
Cmd: compileComputeKernel
  api=4 insize=8599656 outsize=201 ok=1
Cmd: compileComputeKernel
  api=4 insize=8599656 outsize=7661 ok=1
Cmd: compileComputeKernel
  api=4 insize=8599656 outsize=201 ok=1
Cmd: compileComputeKernel
  api=4 insize=8599656 outsize=201 ok=1
Cmd: compileComputeKernel
  api=4 insize=8599656 outsize=18525 ok=1
Cmd: compileComputeKernel
  api=4 insize=8599656 outsize=6693 ok=1
Cmd: compileComputeKernel
  api=4 insize=8599656 outsize=201 ok=1
Cmd: compileComputeKernel
  api=4 insize=8599656 outsize=201 ok=1
Cmd: compileComputeKernel
  api=4 insize=8599656 outsize=17925 ok=1
Cmd: compileComputeKernel
  api=4 insize=8599656 outsize=9445 ok=1
Cmd: compileComputeKernel
  api=4 insize=8599656 outsize=201 ok=1
Cmd: compileComputeKernel
  api=4 insize=8599656 outsize=201 ok=1
Cmd: compileComputeKernel
  api=4 insize=8599656 outsize=20329 ok=1
Cmd: compileComputeKernel
  api=4 insize=8599656 outsize=201 ok=1
Cmd: compileComputeKernel
  api=4 insize=8599656 outsize=201 ok=1
Cmd: compileComputeKernel
  api=4 insize=8599656 outsize=201 ok=1
Cmd: compileComputeKernel
  api=4 insize=8599656 outsize=201 ok=1
Cmd: compileComputeKernel
  api=4 insize=8599656 outsize=201 ok=1
Cmd: compileComputeKernel
  api=4 insize=8599656 outsize=201 ok=1
Cmd: compileComputeKernel
  api=4 insize=8599656 outsize=201 ok=1
Cmd: compileComputeKernel
  api=4 insize=8599656 outsize=6045 ok=1
Cmd: compileComputeKernel
  api=4 insize=8599656 outsize=10229 ok=1
Cmd: compileComputeKernel
  api=4 insize=8599656 outsize=201 ok=1
Cmd: compileComputeKernel
  api=4 insize=8599656 outsize=18321 ok=1
Cmd: compileComputeKernel
  api=4 insize=8599656 outsize=201 ok=1
Cmd: compileComputeKernel
  api=4 insize=8599656 outsize=13165 ok=1
Cmd: compileComputeKernel
  api=4 insize=8599656 outsize=17769 ok=1
Cmd: compileComputeKernel
  api=4 insize=8599656 outsize=201 ok=1
Cmd: compileComputeKernel
  api=4 insize=8599656 outsize=201 ok=1
Cmd: compileComputeKernel
  api=4 insize=8599656 outsize=201 ok=1
Cmd: compileComputeKernel
  api=4 insize=8599656 outsize=201 ok=1
Cmd: compileComputeKernel
  api=4 insize=8599656 outsize=201 ok=1
Cmd: compileComputeKernel
  api=4 insize=8599656 outsize=201 ok=1
Cmd: compileComputeKernel
  api=4 insize=8599656 outsize=201 ok=1
Cmd: compileComputeKernel
  api=4 insize=8599656 outsize=201 ok=1
Cmd: compileComputeKernel
  api=4 insize=8599656 outsize=201 ok=1
Cmd: compileComputeKernel
  api=4 insize=8599656 outsize=5465 ok=1
Cmd: compileComputeKernel
  api=4 insize=8599656 outsize=9649 ok=1
Cmd: compileComputeKernel
  api=4 insize=8599656 outsize=14601 ok=1
Cmd: compileComputeKernel
  api=4 insize=8599656 outsize=201 ok=1
Cmd: compileComputeKernel
  api=4 insize=8599656 outsize=201 ok=1
Cmd: compileComputeKernel
  api=4 insize=8599656 outsize=12401 ok=1
Cmd: compileComputeKernel
  api=4 insize=8599656 outsize=201 ok=1
Cmd: compileComputeKernel
  api=4 insize=8599656 outsize=20145 ok=1
Cmd: compileComputeKernel
  api=4 insize=8599656 outsize=201 ok=1
Cmd: compileComputeKernel
  api=4 insize=8599656 outsize=201 ok=1
Cmd: compileComputeKernel
  api=4 insize=8599656 outsize=201 ok=1
Cmd: compileComputeKernel
  api=4 insize=8599656 outsize=201 ok=1
Cmd: compileComputeKernel
  api=4 insize=8599656 outsize=201 ok=1
Cmd: compileComputeKernel
  api=4 insize=8599656 outsize=201 ok=1
Cmd: compileComputeKernel
  api=4 insize=8599656 outsize=201 ok=1
Cmd: compileComputeKernel
  api=4 insize=8599656 outsize=201 ok=1
Cmd: compileComputeKernel
  api=4 insize=8599656 outsize=3369 ok=1
Cmd: compileComputeKernel
  api=4 insize=8599656 outsize=7609 ok=1
Cmd: compileComputeKernel
  api=4 insize=8599656 outsize=201 ok=1
Cmd: compileComputeKernel
  api=4 insize=8599656 outsize=15605 ok=1
Cmd: compileComputeKernel
  api=4 insize=8599656 outsize=201 ok=1
Cmd: compileComputeKernel
  api=4 insize=8599656 outsize=201 ok=1
Cmd: compileComputeKernel
  api=4 insize=8599656 outsize=13501 ok=1
Cmd: compileComputeKernel
  api=4 insize=8599656 outsize=18201 ok=1
Cmd: compileComputeKernel
  api=4 insize=8599656 outsize=201 ok=1
Cmd: compileComputeKernel
  api=4 insize=8599656 outsize=201 ok=1
Cmd: compileComputeKernel
  api=4 insize=8599656 outsize=201 ok=1
Cmd: compileComputeKernel
  api=4 insize=8599656 outsize=201 ok=1
Cmd: compileComputeKernel
  api=4 insize=8599656 outsize=201 ok=1
Cmd: compileComputeKernel
  api=4 insize=8599656 outsize=201 ok=1
Cmd: compileComputeKernel
  api=4 insize=8599656 outsize=201 ok=1
Cmd: compileComputeKernel
  api=4 insize=8599656 outsize=201 ok=1
Cmd: compileComputeKernel
  api=4 insize=8599656 outsize=201 ok=1
Cmd: compileComputeKernel
  api=4 insize=8599656 outsize=5465 ok=1
Cmd: compileComputeKernel
  api=4 insize=8599656 outsize=9649 ok=1
Cmd: compileComputeKernel
  api=4 insize=8599656 outsize=14601 ok=1
Cmd: compileComputeKernel
  api=4 insize=8599656 outsize=201 ok=1
Cmd: compileComputeKernel
  api=4 insize=8599656 outsize=201 ok=1
Cmd: compileComputeKernel
  api=4 insize=8599656 outsize=9445 ok=1
Cmd: compileComputeKernel
  api=4 insize=8599656 outsize=201 ok=1
Cmd: compileComputeKernel
  api=4 insize=8599656 outsize=201 ok=1
Cmd: compileComputeKernel
  api=4 insize=8599656 outsize=20145 ok=1
Cmd: compileComputeKernel
  api=4 insize=8599656 outsize=201 ok=1
Cmd: compileComputeKernel
  api=4 insize=8599656 outsize=201 ok=1
Cmd: compileComputeKernel
  api=4 insize=8599656 outsize=201 ok=1
Cmd: compileComputeKernel
  api=4 insize=8599656 outsize=201 ok=1
Cmd: compileComputeKernel
  api=4 insize=8599656 outsize=201 ok=1
Cmd: compileComputeKernel
  api=4 insize=8599656 outsize=201 ok=1
Cmd: compileComputeKernel
  api=4 insize=8599656 outsize=201 ok=1
Cmd: compileComputeKernel
  api=4 insize=8599656 outsize=201 ok=1
Cmd: compileComputeKernel
  api=4 insize=8599656 outsize=5073 ok=1
Cmd: compileComputeKernel
  api=4 insize=8599656 outsize=9313 ok=1
Cmd: compileComputeKernel
  api=4 insize=8599656 outsize=201 ok=1
Cmd: compileComputeKernel
  api=4 insize=8599656 outsize=201 ok=1
Cmd: compileComputeKernel
  api=4 insize=8599656 outsize=20361 ok=1
Cmd: compileComputeKernel
  api=4 insize=8599656 outsize=12065 ok=1
Cmd: compileComputeKernel
  api=4 insize=8599656 outsize=201 ok=1
Cmd: compileComputeKernel
  api=4 insize=8599656 outsize=201 ok=1
Cmd: compileComputeKernel
  api=4 insize=8599656 outsize=22949 ok=1
Cmd: compileComputeKernel
  api=4 insize=8599656 outsize=201 ok=1
Cmd: compileComputeKernel
  api=4 insize=8599656 outsize=201 ok=1
Cmd: compileComputeKernel
  api=4 insize=8599656 outsize=201 ok=1
Cmd: compileComputeKernel
  api=4 insize=8599656 outsize=201 ok=1
Cmd: compileComputeKernel
  api=4 insize=8599656 outsize=201 ok=1
Cmd: compileComputeKernel
  api=4 insize=8599656 outsize=201 ok=1
Cmd: compileComputeKernel
  api=4 insize=8599656 outsize=201 ok=1
Cmd: compileComputeKernel
  api=4 insize=8599656 outsize=201 ok=1
Cmd: compileComputeKernel
  api=4 insize=8599656 outsize=201 ok=1
Cmd: compileComputeKernel
  api=4 insize=8599656 outsize=201 ok=1
Cmd: compileComputeKernel
  api=4 insize=8599656 outsize=201 ok=1
Cmd: compileComputeKernel
  api=4 insize=8599656 outsize=201 ok=1
Cmd: compileComputeKernel
  api=4 insize=8599656 outsize=201 ok=1
Cmd: compileComputeKernel
  api=4 insize=8599656 outsize=201 ok=1
Cmd: compileComputeKernel
  api=4 insize=8599656 outsize=201 ok=1
Cmd: compileComputeKernel
  api=4 insize=8599656 outsize=201 ok=1
Cmd: compileComputeKernel
  api=4 insize=8599656 outsize=201 ok=1
Cmd: compileComputeKernel
  api=4 insize=8599656 outsize=201 ok=1
Cmd: compileComputeKernel
  api=4 insize=8599656 outsize=201 ok=1
Cmd: compileComputeKernel
  api=4 insize=8599656 outsize=201 ok=1
Cmd: compileComputeKernel
  api=4 insize=8599656 outsize=201 ok=1
Cmd: compileComputeKernel
  api=4 insize=8599656 outsize=201 ok=1
Cmd: compileComputeKernel
  api=4 insize=8599656 outsize=201 ok=1
Cmd: compileComputeKernel
  api=4 insize=8599656 outsize=201 ok=1
Cmd: compileComputeKernel
  api=4 insize=8599656 outsize=201 ok=1
Cmd: compileComputeKernel
  api=4 insize=8599656 outsize=201 ok=1
Cmd: compileComputeKernel
  api=4 insize=8599656 outsize=201 ok=1
Cmd: compileComputeKernel
  api=4 insize=8599656 outsize=201 ok=1
Cmd: compileComputeKernel
  api=4 insize=8599656 outsize=201 ok=1
Cmd: compileComputeKernel
  api=4 insize=8599656 outsize=201 ok=1
Cmd: compileComputeKernel
  api=4 insize=8599656 outsize=201 ok=1
Cmd: compileComputeKernel
  api=4 insize=8599656 outsize=201 ok=1
Cmd: compileComputeKernel
  api=4 insize=8599656 outsize=201 ok=1
Cmd: compileComputeKernel
  api=4 insize=8599656 outsize=201 ok=1
Cmd: compileComputeKernel
  api=4 insize=8599656 outsize=201 ok=1
Cmd: compileComputeKernel
  api=4 insize=8599656 outsize=201 ok=1
Cmd: compileComputeKernel
  api=4 insize=8599656 outsize=201 ok=1
Cmd: compileComputeKernel
  api=4 insize=8599656 outsize=201 ok=1
Cmd: compileComputeKernel
  api=4 insize=8599656 outsize=201 ok=1
Cmd: compileComputeKernel
  api=4 insize=8599656 outsize=5649 ok=1
Cmd: compileComputeKernel
  api=4 insize=8599656 outsize=9833 ok=1
Cmd: compileComputeKernel
  api=4 insize=8599656 outsize=17925 ok=1
Cmd: compileComputeKernel
  api=4 insize=8599656 outsize=9445 ok=1
Cmd: compileComputeKernel
  api=4 insize=8599656 outsize=201 ok=1
Cmd: compileComputeKernel
  api=4 insize=8599656 outsize=201 ok=1
Cmd: compileComputeKernel
  api=4 insize=8599656 outsize=20329 ok=1
Cmd: compileComputeKernel
  api=4 insize=8599656 outsize=201 ok=1
Cmd: compileComputeKernel
  api=4 insize=8599656 outsize=201 ok=1
Cmd: compileComputeKernel
  api=4 insize=8599656 outsize=201 ok=1
Cmd: compileComputeKernel
  api=4 insize=8599656 outsize=201 ok=1
Cmd: compileComputeKernel
  api=4 insize=8599656 outsize=201 ok=1
Cmd: compileComputeKernel
  api=4 insize=8599656 outsize=201 ok=1
Cmd: compileComputeKernel
  api=4 insize=8599656 outsize=5261 ok=1
Cmd: compileComputeKernel
  api=4 insize=8599656 outsize=9501 ok=1
Cmd: compileComputeKernel
  api=4 insize=8599656 outsize=201 ok=1
Cmd: compileComputeKernel
  api=4 insize=8599656 outsize=201 ok=1
Cmd: compileComputeKernel
  api=4 insize=8599656 outsize=201 ok=1
Cmd: compileComputeKernel
  api=4 insize=8599656 outsize=20729 ok=1
Cmd: compileComputeKernel
  api=4 insize=8599656 outsize=12253 ok=1
Cmd: compileComputeKernel
  api=4 insize=8599656 outsize=201 ok=1
Cmd: compileComputeKernel
  api=4 insize=8599656 outsize=201 ok=1
Cmd: compileComputeKernel
  api=4 insize=8599656 outsize=19997 ok=1
Cmd: compileComputeKernel
  api=4 insize=8599656 outsize=201 ok=1
Cmd: compileComputeKernel
  api=4 insize=8599656 outsize=201 ok=1
Cmd: compileComputeKernel
  api=4 insize=8599656 outsize=201 ok=1
Cmd: compileComputeKernel
  api=4 insize=8599656 outsize=201 ok=1
Cmd: compileComputeKernel
  api=4 insize=8599656 outsize=201 ok=1
Cmd: compileComputeKernel
  api=4 insize=8599656 outsize=201 ok=1
Cmd: compileComputeKernel
  api=4 insize=8599656 outsize=201 ok=1
Cmd: compileComputeKernel
  api=4 insize=8599656 outsize=201 ok=1
Cmd: compileComputeKernel
  api=4 insize=8599656 outsize=201 ok=1
Cmd: compileComputeKernel
  api=4 insize=8599656 outsize=201 ok=1
Cmd: compileComputeKernel
  api=4 insize=8599656 outsize=201 ok=1
Cmd: compileComputeKernel
  api=4 insize=8599656 outsize=201 ok=1
Cmd: compileComputeKernel
  api=4 insize=8599656 outsize=201 ok=1
Cmd: compileComputeKernel
  api=4 insize=8599656 outsize=201 ok=1
Cmd: compileComputeKernel
  api=4 insize=8599656 outsize=201 ok=1
Cmd: compileComputeKernel
  api=4 insize=8599656 outsize=201 ok=1
Cmd: compileComputeKernel
  api=4 insize=8599656 outsize=201 ok=1
Cmd: compileComputeKernel
  api=4 insize=8599656 outsize=201 ok=1
Cmd: compileComputeKernel
  api=4 insize=8599656 outsize=201 ok=1
Cmd: compileComputeKernel
  api=4 insize=8599656 outsize=201 ok=1
Cmd: compileComputeKernel
  api=4 insize=8599656 outsize=201 ok=1
Cmd: compileComputeKernel
  api=4 insize=8599656 outsize=201 ok=1
Cmd: compileComputeKernel
  api=4 insize=8599656 outsize=201 ok=1
Cmd: compileComputeKernel
  api=4 insize=8599656 outsize=201 ok=1
Cmd: compileComputeKernel
  api=4 insize=8599656 outsize=201 ok=1
Cmd: compileComputeKernel
  api=4 insize=8599656 outsize=201 ok=1
Cmd: compileComputeKernel
  api=4 insize=8599656 outsize=201 ok=1
Cmd: compileComputeKernel
  api=4 insize=8599656 outsize=201 ok=1
Cmd: compileComputeKernel
  api=4 insize=8599656 outsize=201 ok=1
Cmd: compileComputeKernel
  api=4 insize=8599656 outsize=201 ok=1
Cmd: compileComputeKernel
  api=4 insize=8599656 outsize=201 ok=1
Cmd: compileComputeKernel
  api=4 insize=8599656 outsize=201 ok=1
Cmd: compileComputeKernel
  api=4 insize=8599656 outsize=201 ok=1
Cmd: compileComputeKernel
  api=4 insize=8599656 outsize=201 ok=1
Cmd: compileComputeKernel
  api=4 insize=8599656 outsize=201 ok=1
Cmd: compileComputeKernel
  api=4 insize=8599656 outsize=201 ok=1
Cmd: compileComputeKernel
  api=4 insize=8599656 outsize=201 ok=1
Cmd: compileComputeKernel
  api=4 insize=8599656 outsize=201 ok=1
Cmd: compileComputeKernel
  api=4 insize=8599656 outsize=201 ok=1
Cmd: compileComputeKernel
  api=4 insize=8599656 outsize=201 ok=1
Cmd: compileComputeKernel
  api=4 insize=8599656 outsize=201 ok=1
Cmd: compileComputeKernel
  api=4 insize=8599656 outsize=201 ok=1
Cmd: compileComputeKernel
  api=4 insize=8599656 outsize=201 ok=1
Cmd: compileComputeKernel
  api=4 insize=8599656 outsize=201 ok=1
Cmd: compileComputeKernel
  api=4 insize=8599656 outsize=201 ok=1
Cmd: compileComputeKernel
  api=4 insize=8599656 outsize=201 ok=1
Cmd: compileComputeKernel
  api=4 insize=8599656 outsize=201 ok=1
Cmd: compileComputeKernel
  api=4 insize=8599656 outsize=201 ok=1
Cmd: compileComputeKernel
  api=4 insize=8599656 outsize=201 ok=1
Cmd: compileComputeKernel
  api=4 insize=8599656 outsize=201 ok=1
Cmd: compileComputeKernel
  api=4 insize=8599656 outsize=201 ok=1
Cmd: compileComputeKernel
  api=4 insize=8599656 outsize=201 ok=1
Cmd: compileComputeKernel
  api=4 insize=8599656 outsize=201 ok=1
Cmd: compileComputeKernel
  api=4 insize=8599656 outsize=201 ok=1
Cmd: compileComputeKernel
  api=4 insize=8599656 outsize=201 ok=1
Cmd: compileComputeKernel
  api=4 insize=8599656 outsize=201 ok=1
Cmd: compileComputeKernel
  api=4 insize=8599656 outsize=201 ok=1
Cmd: compileComputeKernel
  api=4 insize=8599656 outsize=201 ok=1
Cmd: compileComputeKernel
  api=4 insize=8599656 outsize=201 ok=1
Cmd: compileComputeKernel
  api=4 insize=8599656 outsize=201 ok=1
Cmd: compileComputeKernel
  api=4 insize=8599656 outsize=201 ok=1
Cmd: compileComputeKernel
  api=4 insize=8599656 outsize=201 ok=1
Cmd: compileComputeKernel
  api=4 insize=8599656 outsize=201 ok=1
Cmd: compileComputeKernel
  api=4 insize=8599656 outsize=201 ok=1
Cmd: compileComputeKernel
  api=4 insize=8599656 outsize=201 ok=1
Cmd: compileComputeKernel
  api=4 insize=8599656 outsize=201 ok=1
Cmd: compileComputeKernel
  api=4 insize=8599656 outsize=201 ok=1
Cmd: compileComputeKernel
  api=4 insize=8599656 outsize=201 ok=1
Cmd: compileComputeKernel
  api=4 insize=8599656 outsize=201 ok=1
Cmd: compileComputeKernel
  api=4 insize=8599656 outsize=201 ok=1
Cmd: compileComputeKernel
  api=4 insize=8599656 outsize=201 ok=1
Cmd: compileComputeKernel
  api=4 insize=8599656 outsize=201 ok=1
Cmd: compileComputeKernel
  api=4 insize=8599656 outsize=201 ok=1
Cmd: compileComputeKernel
  api=4 insize=8599656 outsize=201 ok=1
Cmd: compileComputeKernel
  api=4 insize=8599656 outsize=201 ok=1
Cmd: compileComputeKernel
  api=4 insize=8599656 outsize=201 ok=1
Cmd: compileComputeKernel
  api=4 insize=8599656 outsize=201 ok=1
Cmd: compileComputeKernel
  api=4 insize=8599656 outsize=201 ok=1
Cmd: compileComputeKernel
  api=4 insize=8599656 outsize=201 ok=1
Cmd: compileComputeKernel
  api=4 insize=8599656 outsize=201 ok=1
Cmd: compileComputeKernel
  api=4 insize=8599656 outsize=201 ok=1
Cmd: compileComputeKernel
  api=4 insize=8599656 outsize=201 ok=1
Cmd: compileComputeKernel
  api=4 insize=8599656 outsize=201 ok=1
Cmd: compileComputeKernel
  api=4 insize=8599656 outsize=201 ok=1
Cmd: compileComputeKernel
  api=4 insize=8599656 outsize=201 ok=1
Cmd: compileComputeKernel
  api=4 insize=8599656 outsize=201 ok=1
Cmd: compileComputeKernel
  api=4 insize=8599656 outsize=201 ok=1
Cmd: compileComputeKernel
  api=4 insize=8599656 outsize=201 ok=1
Cmd: compileComputeKernel
  api=4 insize=8599656 outsize=201 ok=1
Cmd: compileComputeKernel
  api=4 insize=8599656 outsize=201 ok=1
Cmd: compileComputeKernel
  api=4 insize=8599656 outsize=201 ok=1
Cmd: compileComputeKernel
  api=4 insize=8599656 outsize=201 ok=1
Cmd: compileComputeKernel
  api=4 insize=8599656 outsize=201 ok=1
Cmd: compileComputeKernel
  api=4 insize=8599656 outsize=201 ok=1
Cmd: compileComputeKernel
  api=4 insize=8599656 outsize=201 ok=1
Cmd: compileComputeKernel
  api=4 insize=8599656 outsize=201 ok=1
Cmd: compileComputeKernel
  api=4 insize=8599656 outsize=6553 ok=1
Cmd: compileComputeKernel
  api=4 insize=8599656 outsize=10729 ok=1
Cmd: compileComputeKernel
  api=4 insize=8599656 outsize=15769 ok=1
Cmd: compileComputeKernel
  api=4 insize=8599656 outsize=201 ok=1
Cmd: compileComputeKernel
  api=4 insize=8599656 outsize=201 ok=1
Cmd: compileComputeKernel
  api=4 insize=8599656 outsize=13481 ok=1
Cmd: compileComputeKernel
  api=4 insize=8599656 outsize=201 ok=1
Cmd: compileComputeKernel
  api=4 insize=8599656 outsize=21409 ok=1
Cmd: compileComputeKernel
  api=4 insize=8599656 outsize=8489 ok=1
Cmd: compileComputeKernel
  api=4 insize=8599656 outsize=201 ok=1
Cmd: compileComputeKernel
  api=4 insize=8599656 outsize=201 ok=1
Cmd: compileComputeKernel
  api=4 insize=8599656 outsize=19625 ok=1
Cmd: compileComputeKernel
  api=4 insize=8599656 outsize=14197 ok=1
Cmd: compileComputeKernel
  api=4 insize=8599656 outsize=201 ok=1
Cmd: compileComputeKernel
  api=4 insize=8599656 outsize=22221 ok=1
Cmd: compileComputeKernel
  api=4 insize=8599656 outsize=201 ok=1
Cmd: compileComputeKernel
  api=4 insize=8599656 outsize=201 ok=1
Cmd: compileComputeKernel
  api=4 insize=8599656 outsize=201 ok=1
Cmd: compileComputeKernel
  api=4 insize=8599656 outsize=201 ok=1
Cmd: compileComputeKernel
  api=4 insize=8599656 outsize=201 ok=1
Cmd: compileComputeKernel
  api=4 insize=8599656 outsize=201 ok=1
Cmd: compileComputeKernel
  api=4 insize=8599656 outsize=8025 ok=1
Cmd: compileComputeKernel
  api=4 insize=8599656 outsize=12209 ok=1
Cmd: compileComputeKernel
  api=4 insize=8599656 outsize=20117 ok=1
Cmd: compileComputeKernel
  api=4 insize=8599656 outsize=201 ok=1
Cmd: compileComputeKernel
  api=4 insize=8599656 outsize=14961 ok=1
Cmd: compileComputeKernel
  api=4 insize=8599656 outsize=19565 ok=1
Cmd: compileComputeKernel
  api=4 insize=8599656 outsize=201 ok=1
Cmd: compileComputeKernel
  api=4 insize=8599656 outsize=201 ok=1
Cmd: compileComputeKernel
  api=4 insize=8599656 outsize=201 ok=1
Cmd: compileComputeKernel
  api=4 insize=8599656 outsize=201 ok=1
Cmd: compileComputeKernel
  api=4 insize=8599656 outsize=201 ok=1
Cmd: compileComputeKernel
  api=4 insize=8599656 outsize=201 ok=1
Cmd: compileComputeKernel
  api=4 insize=8599656 outsize=201 ok=1
Cmd: compileComputeKernel
  api=4 insize=8599656 outsize=201 ok=1
Cmd: compileComputeKernel
  api=4 insize=8599656 outsize=201 ok=1
Cmd: compileComputeKernel
  api=4 insize=8599656 outsize=7445 ok=1
Cmd: compileComputeKernel
  api=4 insize=8599656 outsize=11629 ok=1
Cmd: compileComputeKernel
  api=4 insize=8599656 outsize=19625 ok=1
Cmd: compileComputeKernel
  api=4 insize=8599656 outsize=14197 ok=1
Cmd: compileComputeKernel
  api=4 insize=8599656 outsize=201 ok=1
Cmd: compileComputeKernel
  api=4 insize=8599656 outsize=22221 ok=1
Cmd: compileComputeKernel
  api=4 insize=8599656 outsize=201 ok=1
Cmd: compileComputeKernel
  api=4 insize=8599656 outsize=201 ok=1
Cmd: compileComputeKernel
  api=4 insize=8599656 outsize=201 ok=1
Cmd: compileComputeKernel
  api=4 insize=8599656 outsize=201 ok=1
Cmd: compileComputeKernel
  api=4 insize=8599656 outsize=201 ok=1
Cmd: compileComputeKernel
  api=4 insize=8599656 outsize=201 ok=1
Cmd: compileComputeKernel
  api=4 insize=8599656 outsize=201 ok=1
Cmd: compileComputeKernel
  api=4 insize=8599656 outsize=8361 ok=1
Cmd: compileComputeKernel
  api=4 insize=8599656 outsize=12545 ok=1
Cmd: compileComputeKernel
  api=4 insize=8599656 outsize=17401 ok=1
Cmd: compileComputeKernel
  api=4 insize=8599656 outsize=201 ok=1
Cmd: compileComputeKernel
  api=4 insize=8599656 outsize=201 ok=1
Cmd: compileComputeKernel
  api=4 insize=8599656 outsize=15297 ok=1
Cmd: compileComputeKernel
  api=4 insize=8599656 outsize=19901 ok=1
Cmd: compileComputeKernel
  api=4 insize=8599656 outsize=201 ok=1
Cmd: compileComputeKernel
  api=4 insize=8599656 outsize=201 ok=1
Cmd: compileComputeKernel
  api=4 insize=8599656 outsize=201 ok=1
Cmd: compileComputeKernel
  api=4 insize=8599656 outsize=201 ok=1
Cmd: compileComputeKernel
  api=4 insize=8599656 outsize=201 ok=1
Cmd: compileComputeKernel
  api=4 insize=8599656 outsize=201 ok=1
Cmd: compileComputeKernel
  api=4 insize=8599656 outsize=201 ok=1
Cmd: compileComputeKernel
  api=4 insize=8599656 outsize=201 ok=1
Cmd: compileComputeKernel
  api=4 insize=8599656 outsize=201 ok=1
Cmd: compileComputeKernel
  api=4 insize=8599656 outsize=7445 ok=1
Cmd: compileComputeKernel
  api=4 insize=8599656 outsize=11629 ok=1
Cmd: compileComputeKernel
  api=4 insize=8599656 outsize=19625 ok=1
Cmd: compileComputeKernel
  api=4 insize=8599656 outsize=14197 ok=1
Cmd: compileComputeKernel
  api=4 insize=8599656 outsize=201 ok=1
Cmd: compileComputeKernel
  api=4 insize=8599656 outsize=22221 ok=1
Cmd: compileComputeKernel
  api=4 insize=8599656 outsize=201 ok=1
Cmd: compileComputeKernel
  api=4 insize=8599656 outsize=201 ok=1
Cmd: compileComputeKernel
  api=4 insize=8599656 outsize=201 ok=1
Cmd: compileComputeKernel
  api=4 insize=8599656 outsize=201 ok=1
Cmd: compileComputeKernel
  api=4 insize=8599656 outsize=201 ok=1
Cmd: compileComputeKernel
  api=4 insize=8599656 outsize=201 ok=1
Cmd: compileComputeKernel
  api=4 insize=8599656 outsize=201 ok=1
Cmd: compileComputeKernel
  api=4 insize=8599656 outsize=9881 ok=1
Cmd: compileComputeKernel
  api=4 insize=8599656 outsize=14065 ok=1
Cmd: compileComputeKernel
  api=4 insize=8599656 outsize=18921 ok=1
Cmd: compileComputeKernel
  api=4 insize=8599656 outsize=201 ok=1
Cmd: compileComputeKernel
  api=4 insize=8599656 outsize=201 ok=1
Cmd: compileComputeKernel
  api=4 insize=8599656 outsize=13677 ok=1
Cmd: compileComputeKernel
  api=4 insize=8599656 outsize=201 ok=1
Cmd: compileComputeKernel
  api=4 insize=8599656 outsize=201 ok=1
Cmd: compileComputeKernel
  api=4 insize=8599656 outsize=24745 ok=1
Cmd: compileComputeKernel
  api=4 insize=8599656 outsize=201 ok=1
Cmd: compileComputeKernel
  api=4 insize=8599656 outsize=201 ok=1
Cmd: compileComputeKernel
  api=4 insize=8599656 outsize=201 ok=1
Cmd: compileComputeKernel
  api=4 insize=8599656 outsize=201 ok=1
Cmd: compileComputeKernel
  api=4 insize=8599656 outsize=201 ok=1
Cmd: compileComputeKernel
  api=4 insize=8599656 outsize=201 ok=1
Cmd: compileComputeKernel
  api=4 insize=8599656 outsize=201 ok=1
Cmd: compileComputeKernel
  api=4 insize=8599656 outsize=201 ok=1
Cmd: compileComputeKernel
  api=4 insize=8599656 outsize=201 ok=1
Cmd: compileComputeKernel
  api=4 insize=8599656 outsize=201 ok=1
Cmd: compileComputeKernel
  api=4 insize=8599656 outsize=201 ok=1
Cmd: compileComputeKernel
  api=4 insize=8599656 outsize=201 ok=1
Cmd: compileComputeKernel
  api=4 insize=8599656 outsize=201 ok=1
Cmd: compileComputeKernel
  api=4 insize=8599656 outsize=201 ok=1
Cmd: compileComputeKernel
  api=4 insize=8599656 outsize=201 ok=1
Cmd: compileComputeKernel
  api=4 insize=8599656 outsize=201 ok=1
Cmd: compileComputeKernel
  api=4 insize=8599656 outsize=201 ok=1
Cmd: compileComputeKernel
  api=4 insize=8599656 outsize=201 ok=1
Cmd: compileComputeKernel
  api=4 insize=8599656 outsize=201 ok=1
Cmd: compileComputeKernel
  api=4 insize=8599656 outsize=201 ok=1
Cmd: compileComputeKernel
  api=4 insize=8599656 outsize=201 ok=1
Cmd: compileComputeKernel
  api=4 insize=8599656 outsize=201 ok=1
Cmd: compileComputeKernel
  api=4 insize=8599656 outsize=201 ok=1
Cmd: compileComputeKernel
  api=4 insize=8599656 outsize=201 ok=1
Cmd: compileComputeKernel
  api=4 insize=8599656 outsize=201 ok=1
Cmd: compileComputeKernel
  api=4 insize=8599656 outsize=201 ok=1
Cmd: compileComputeKernel
  api=4 insize=8599656 outsize=201 ok=1
Cmd: compileComputeKernel
  api=4 insize=8599656 outsize=201 ok=1
Cmd: compileComputeKernel
  api=4 insize=8599656 outsize=201 ok=1
Cmd: compileComputeKernel
  api=4 insize=8599656 outsize=201 ok=1
Cmd: compileComputeKernel
  api=4 insize=8599656 outsize=201 ok=1
Cmd: compileComputeKernel
  api=4 insize=8599656 outsize=201 ok=1
Cmd: compileComputeKernel
  api=4 insize=8599656 outsize=201 ok=1
Cmd: compileComputeKernel
  api=4 insize=8599656 outsize=201 ok=1
Cmd: compileComputeKernel
  api=4 insize=8599656 outsize=201 ok=1
Cmd: compileComputeKernel
  api=4 insize=8599656 outsize=201 ok=1
Cmd: compileComputeKernel
  api=4 insize=8599656 outsize=201 ok=1
Cmd: compileComputeKernel
  api=4 insize=8599656 outsize=201 ok=1
Cmd: compileComputeKernel
  api=4 insize=8599656 outsize=4249 ok=1
Cmd: compileComputeKernel
  api=4 insize=8599656 outsize=8489 ok=1
Cmd: compileComputeKernel
  api=4 insize=8599656 outsize=201 ok=1
Cmd: compileComputeKernel
  api=4 insize=8599656 outsize=201 ok=1
Cmd: compileComputeKernel
  api=4 insize=8599656 outsize=19625 ok=1
Cmd: compileComputeKernel
  api=4 insize=8599656 outsize=14197 ok=1
Cmd: compileComputeKernel
  api=4 insize=8599656 outsize=201 ok=1
Cmd: compileComputeKernel
  api=4 insize=8599656 outsize=22221 ok=1
Cmd: compileComputeKernel
  api=4 insize=8599656 outsize=201 ok=1
Cmd: compileComputeKernel
  api=4 insize=8599656 outsize=201 ok=1
Cmd: compileComputeKernel
  api=4 insize=8599656 outsize=201 ok=1
Cmd: compileComputeKernel
  api=4 insize=8599656 outsize=201 ok=1
Cmd: compileComputeKernel
  api=4 insize=8599656 outsize=201 ok=1
Cmd: compileComputeKernel
  api=4 insize=8599656 outsize=201 ok=1
Cmd: compileComputeKernel
  api=4 insize=8599656 outsize=201 ok=1
Cmd: compileComputeKernel
  api=4 insize=8599656 outsize=10433 ok=1
Cmd: compileComputeKernel
  api=4 insize=8599656 outsize=14617 ok=1
Cmd: compileComputeKernel
  api=4 insize=8599656 outsize=19477 ok=1
Cmd: compileComputeKernel
  api=4 insize=8599656 outsize=201 ok=1
Cmd: compileComputeKernel
  api=4 insize=8599656 outsize=201 ok=1
Cmd: compileComputeKernel
  api=4 insize=8599656 outsize=17369 ok=1
Cmd: compileComputeKernel
  api=4 insize=8599656 outsize=24929 ok=1
Cmd: compileComputeKernel
  api=4 insize=8599656 outsize=201 ok=1
Cmd: compileComputeKernel
  api=4 insize=8599656 outsize=201 ok=1
Cmd: compileComputeKernel
  api=4 insize=8599656 outsize=201 ok=1
Cmd: compileComputeKernel
  api=4 insize=8599656 outsize=201 ok=1
Cmd: compileComputeKernel
  api=4 insize=8599656 outsize=201 ok=1
Cmd: compileComputeKernel
  api=4 insize=8599656 outsize=201 ok=1
Cmd: compileComputeKernel
  api=4 insize=8599656 outsize=201 ok=1
Cmd: compileComputeKernel
  api=4 insize=8599656 outsize=201 ok=1
Cmd: compileComputeKernel
  api=4 insize=8599656 outsize=201 ok=1
Cmd: compileComputeKernel
  api=4 insize=8599656 outsize=201 ok=1
Cmd: compileComputeKernel
  api=4 insize=8599656 outsize=201 ok=1
Cmd: compileComputeKernel
  api=4 insize=8599656 outsize=201 ok=1
Cmd: compileComputeKernel
  api=4 insize=8599656 outsize=201 ok=1
Cmd: compileComputeKernel
  api=4 insize=8599656 outsize=201 ok=1
Cmd: compileComputeKernel
  api=4 insize=8599656 outsize=201 ok=1
Cmd: compileComputeKernel
  api=4 insize=8599656 outsize=201 ok=1
Cmd: compileComputeKernel
  api=4 insize=8599656 outsize=201 ok=1
Cmd: compileComputeKernel
  api=4 insize=8599656 outsize=201 ok=1
Cmd: compileComputeKernel
  api=4 insize=8599656 outsize=201 ok=1
Cmd: compileComputeKernel
  api=4 insize=8599656 outsize=201 ok=1
Cmd: compileComputeKernel
  api=4 insize=8599656 outsize=201 ok=1
Cmd: compileComputeKernel
  api=4 insize=8599656 outsize=201 ok=1
Cmd: compileComputeKernel
  api=4 insize=8599656 outsize=201 ok=1
Cmd: compileComputeKernel
  api=4 insize=8599656 outsize=201 ok=1
Cmd: compileComputeKernel
  api=4 insize=8599656 outsize=201 ok=1
Cmd: compileComputeKernel
  api=4 insize=8599656 outsize=201 ok=1
Cmd: compileComputeKernel
  api=4 insize=8599656 outsize=201 ok=1
Cmd: compileComputeKernel
  api=4 insize=8599656 outsize=201 ok=1
Cmd: compileComputeKernel
  api=4 insize=8599656 outsize=201 ok=1
Cmd: compileComputeKernel
  api=4 insize=8599656 outsize=201 ok=1
Cmd: compileComputeKernel
  api=4 insize=8599656 outsize=201 ok=1
Cmd: compileComputeKernel
  api=4 insize=8599656 outsize=201 ok=1
Cmd: compileComputeKernel
  api=4 insize=8599656 outsize=201 ok=1
Cmd: compileComputeKernel
  api=4 insize=8599656 outsize=201 ok=1
Cmd: compileComputeKernel
  api=4 insize=8599656 outsize=201 ok=1
Cmd: compileComputeKernel
  api=4 insize=8599656 outsize=201 ok=1
Cmd: compileComputeKernel
  api=4 insize=8599656 outsize=201 ok=1
Cmd: compileComputeKernel
  api=4 insize=8599656 outsize=201 ok=1
Cmd: compileComputeKernel
  api=4 insize=8599656 outsize=201 ok=1
Cmd: compileComputeKernel
  api=4 insize=8599656 outsize=201 ok=1
Cmd: compileComputeKernel
  api=4 insize=8599656 outsize=201 ok=1
Cmd: compileComputeKernel
  api=4 insize=8599656 outsize=201 ok=1
Cmd: compileComputeKernel
  api=4 insize=8599656 outsize=201 ok=1
Cmd: compileComputeKernel
  api=4 insize=8599656 outsize=201 ok=1
Cmd: compileComputeKernel
  api=4 insize=8599656 outsize=201 ok=1
Cmd: compileComputeKernel
  api=4 insize=8599656 outsize=201 ok=1
Cmd: compileComputeKernel
  api=4 insize=8599656 outsize=201 ok=1
Cmd: compileComputeKernel
  api=4 insize=8599656 outsize=201 ok=1
Cmd: compileComputeKernel
  api=4 insize=8599656 outsize=201 ok=1
Cmd: compileComputeKernel
  api=4 insize=8599656 outsize=201 ok=1
Cmd: compileComputeKernel
  api=4 insize=8599656 outsize=201 ok=1
Cmd: compileComputeKernel
  api=4 insize=8599656 outsize=201 ok=1
Cmd: compileComputeKernel
  api=4 insize=8599656 outsize=201 ok=1
Cmd: compileComputeKernel
  api=4 insize=8599656 outsize=201 ok=1
Cmd: compileComputeKernel
  api=4 insize=8599656 outsize=201 ok=1
Cmd: compileComputeKernel
  api=4 insize=8599656 outsize=201 ok=1
Cmd: compileComputeKernel
  api=4 insize=8599656 outsize=201 ok=1
Cmd: compileComputeKernel
  api=4 insize=8599656 outsize=201 ok=1
Cmd: compileComputeKernel
  api=4 insize=8599656 outsize=201 ok=1
Cmd: compileComputeKernel
  api=4 insize=8599656 outsize=201 ok=1
Cmd: compileComputeKernel
  api=4 insize=8599656 outsize=201 ok=1
Cmd: compileComputeKernel
  api=4 insize=8599656 outsize=201 ok=1
Cmd: compileComputeKernel
  api=4 insize=8599656 outsize=201 ok=1
Cmd: compileComputeKernel
  api=4 insize=8599656 outsize=201 ok=1
Cmd: compileComputeKernel
  api=4 insize=8599656 outsize=201 ok=1
Cmd: compileComputeKernel
  api=4 insize=8599656 outsize=201 ok=1
Cmd: compileComputeKernel
  api=4 insize=8599656 outsize=201 ok=1
Cmd: compileComputeKernel
  api=4 insize=8599656 outsize=201 ok=1
Cmd: compileComputeKernel
  api=4 insize=8599656 outsize=201 ok=1
Cmd: compileComputeKernel
  api=4 insize=8599656 outsize=201 ok=1
Cmd: compileComputeKernel
  api=4 insize=8599656 outsize=201 ok=1
Cmd: compileComputeKernel
  api=4 insize=8599656 outsize=201 ok=1
Cmd: compileComputeKernel
  api=4 insize=8599656 outsize=201 ok=1
Cmd: compileComputeKernel
  api=4 insize=8599656 outsize=201 ok=1
Cmd: compileComputeKernel
  api=4 insize=8599656 outsize=201 ok=1
Cmd: compileComputeKernel
  api=4 insize=8599656 outsize=201 ok=1
Cmd: compileComputeKernel
  api=4 insize=8599656 outsize=201 ok=1
Cmd: compileComputeKernel
  api=4 insize=8599656 outsize=201 ok=1
Cmd: compileComputeKernel
  api=4 insize=8599656 outsize=201 ok=1
Cmd: compileComputeKernel
  api=4 insize=8599656 outsize=201 ok=1
Cmd: compileComputeKernel
  api=4 insize=8599656 outsize=201 ok=1
Cmd: compileComputeKernel
  api=4 insize=8599656 outsize=201 ok=1
Cmd: compileComputeKernel
  api=4 insize=8599656 outsize=201 ok=1
Cmd: compileComputeKernel
  api=4 insize=8599656 outsize=201 ok=1
Cmd: compileComputeKernel
  api=4 insize=8599656 outsize=201 ok=1
Cmd: compileComputeKernel
  api=4 insize=8599656 outsize=201 ok=1
Cmd: compileComputeKernel
  api=4 insize=8599656 outsize=201 ok=1
Cmd: compileComputeKernel
  api=4 insize=8599656 outsize=201 ok=1
Cmd: compileComputeKernel
  api=4 insize=8599656 outsize=201 ok=1
Cmd: compileComputeKernel
  api=4 insize=8599656 outsize=201 ok=1
Cmd: compileComputeKernel
  api=4 insize=8599656 outsize=201 ok=1
Cmd: compileComputeKernel
  api=4 insize=8599656 outsize=201 ok=1
Cmd: compileComputeKernel
  api=4 insize=8599656 outsize=201 ok=1
Cmd: compileComputeKernel
  api=4 insize=8599656 outsize=201 ok=1
Cmd: compileComputeKernel
  api=4 insize=8599656 outsize=201 ok=1
Cmd: compileComputeKernel
  api=4 insize=8599656 outsize=201 ok=1
Cmd: compileComputeKernel
  api=4 insize=8599656 outsize=201 ok=1
Cmd: compileComputeKernel
  api=4 insize=8599656 outsize=201 ok=1
Cmd: compileComputeKernel
  api=4 insize=8599656 outsize=201 ok=1
Cmd: compileComputeKernel
  api=4 insize=8599656 outsize=201 ok=1
Cmd: compileComputeKernel
  api=4 insize=8599656 outsize=201 ok=1
Cmd: compileComputeKernel
  api=4 insize=8599656 outsize=201 ok=1
Cmd: compileComputeKernel
  api=4 insize=8599656 outsize=201 ok=1
Cmd: compileComputeKernel
  api=4 insize=8599656 outsize=201 ok=1
Cmd: compileComputeKernel
  api=4 insize=8599656 outsize=201 ok=1
Cmd: compileComputeKernel
  api=4 insize=8599656 outsize=201 ok=1
Cmd: compileComputeKernel
  api=4 insize=8599656 outsize=201 ok=1
Cmd: compileComputeKernel
  api=4 insize=8599656 outsize=201 ok=1
Cmd: compileComputeKernel
  api=4 insize=8599656 outsize=201 ok=1
Cmd: compileComputeKernel
  api=4 insize=8599656 outsize=201 ok=1
Cmd: compileComputeKernel
  api=4 insize=8599656 outsize=201 ok=1
Cmd: compileComputeKernel
  api=4 insize=8599656 outsize=201 ok=1
Cmd: compileComputeKernel
  api=4 insize=8599656 outsize=201 ok=1
Cmd: compileComputeKernel
  api=4 insize=8599656 outsize=201 ok=1
Cmd: compileComputeKernel
  api=4 insize=8599656 outsize=201 ok=1
Cmd: compileComputeKernel
  api=4 insize=8599656 outsize=201 ok=1
Cmd: compileComputeKernel
  api=4 insize=8599656 outsize=201 ok=1
Cmd: compileComputeKernel
  api=4 insize=8599656 outsize=201 ok=1
Cmd: compileComputeKernel
  api=4 insize=8599656 outsize=201 ok=1
Cmd: compileComputeKernel
  api=4 insize=8599656 outsize=201 ok=1
Cmd: compileComputeKernel
  api=4 insize=8599656 outsize=201 ok=1
Cmd: compileComputeKernel
  api=4 insize=8599656 outsize=201 ok=1
Cmd: compileComputeKernel
  api=4 insize=8599656 outsize=201 ok=1
Cmd: compileComputeKernel
  api=4 insize=8599656 outsize=201 ok=1
Cmd: compileComputeKernel
  api=4 insize=8599656 outsize=201 ok=1
Cmd: compileComputeKernel
  api=4 insize=8599656 outsize=201 ok=1
Cmd: compileComputeKernel
  api=4 insize=8599656 outsize=201 ok=1
Cmd: compileComputeKernel
  api=4 insize=8599656 outsize=201 ok=1
Cmd: compileComputeKernel
  api=4 insize=8599656 outsize=201 ok=1
Cmd: compileComputeKernel
  api=4 insize=8599656 outsize=201 ok=1
Cmd: compileComputeKernel
  api=4 insize=8599656 outsize=201 ok=1
Cmd: compileComputeKernel
  api=4 insize=8599656 outsize=201 ok=1
Cmd: compileComputeKernel
  api=4 insize=8599656 outsize=201 ok=1
Cmd: compileComputeKernel
  api=4 insize=8599656 outsize=201 ok=1
Cmd: compileComputeKernel
  api=4 insize=8599656 outsize=201 ok=1
Cmd: compileComputeKernel
  api=4 insize=8599656 outsize=201 ok=1
Cmd: compileComputeKernel
  api=4 insize=8599656 outsize=201 ok=1
Cmd: compileComputeKernel
  api=4 insize=8599656 outsize=201 ok=1
Cmd: compileComputeKernel
  api=4 insize=8599656 outsize=201 ok=1
Cmd: compileComputeKernel
  api=4 insize=8599656 outsize=201 ok=1
Cmd: compileComputeKernel
  api=4 insize=8599656 outsize=201 ok=1
Cmd: compileComputeKernel
  api=4 insize=8599656 outsize=201 ok=1
Cmd: compileComputeKernel
  api=4 insize=8599656 outsize=201 ok=1
Cmd: compileComputeKernel
  api=4 insize=8599656 outsize=201 ok=1
Cmd: compileComputeKernel
  api=4 insize=8599656 outsize=201 ok=1
Cmd: compileComputeKernel
  api=4 insize=8599656 outsize=201 ok=1
Cmd: compileComputeKernel
  api=4 insize=8599656 outsize=201 ok=1
Cmd: compileComputeKernel
  api=4 insize=8599656 outsize=201 ok=1
Cmd: compileComputeKernel
  api=4 insize=8599656 outsize=201 ok=1
Cmd: compileComputeKernel
  api=4 insize=8599656 outsize=201 ok=1
Cmd: compileComputeKernel
  api=4 insize=8599656 outsize=201 ok=1
Cmd: compileComputeKernel
  api=4 insize=8599656 outsize=201 ok=1
Cmd: compileComputeKernel
  api=4 insize=8599656 outsize=201 ok=1
Cmd: compileComputeKernel
  api=4 insize=8599656 outsize=201 ok=1
Cmd: compileComputeKernel
  api=4 insize=8599656 outsize=201 ok=1
Cmd: compileComputeKernel
  api=4 insize=8599656 outsize=201 ok=1
Cmd: compileComputeKernel
  api=4 insize=8599656 outsize=201 ok=1
Cmd: compileComputeKernel
  api=4 insize=8599656 outsize=201 ok=1
Cmd: compileComputeKernel
  api=4 insize=8599656 outsize=201 ok=1
Cmd: compileComputeKernel
  api=4 insize=8599656 outsize=201 ok=1
Cmd: compileComputeKernel
  api=4 insize=8599656 outsize=201 ok=1
Cmd: compileComputeKernel
  api=4 insize=8599656 outsize=201 ok=1
Cmd: compileComputeKernel
  api=4 insize=8599656 outsize=201 ok=1
Cmd: compileComputeKernel
  api=4 insize=8599656 outsize=201 ok=1
Cmd: compileComputeKernel
  api=4 insize=8599656 outsize=201 ok=1
Cmd: compileComputeKernel
  api=4 insize=8599656 outsize=201 ok=1
Cmd: compileComputeKernel
  api=4 insize=8599656 outsize=201 ok=1
Cmd: compileComputeKernel
  api=4 insize=8599656 outsize=201 ok=1
Cmd: compileComputeKernel
  api=4 insize=8599656 outsize=201 ok=1
Cmd: compileComputeKernel
  api=4 insize=8599656 outsize=201 ok=1
Cmd: compileComputeKernel
  api=4 insize=8599656 outsize=201 ok=1
Cmd: compileComputeKernel
  api=4 insize=8599656 outsize=201 ok=1
Cmd: compileComputeKernel
  api=4 insize=8599656 outsize=201 ok=1
Cmd: compileComputeKernel
  api=4 insize=8599656 outsize=201 ok=1
Cmd: compileComputeKernel
  api=4 insize=8599656 outsize=201 ok=1
Cmd: compileComputeKernel
  api=4 insize=8599656 outsize=201 ok=1
Cmd: compileComputeKernel
  api=4 insize=8599656 outsize=201 ok=1
Cmd: compileComputeKernel
  api=4 insize=8599656 outsize=201 ok=1
Cmd: compileComputeKernel
  api=4 insize=8599656 outsize=201 ok=1
Cmd: compileComputeKernel
  api=4 insize=8599656 outsize=201 ok=1
Cmd: compileComputeKernel
  api=4 insize=8599656 outsize=201 ok=1
Cmd: compileComputeKernel
  api=4 insize=8599656 outsize=201 ok=1
Cmd: compileComputeKernel
  api=4 insize=8599656 outsize=201 ok=1
Cmd: compileComputeKernel
  api=4 insize=8599656 outsize=201 ok=1
Cmd: compileComputeKernel
  api=4 insize=8599656 outsize=201 ok=1
Cmd: compileComputeKernel
  api=4 insize=8599656 outsize=201 ok=1
Cmd: compileComputeKernel
  api=4 insize=8599656 outsize=201 ok=1
Cmd: compileComputeKernel
  api=4 insize=8599656 outsize=201 ok=1
Cmd: compileComputeKernel
  api=4 insize=8599656 outsize=201 ok=1
Cmd: compileComputeKernel
  api=4 insize=8599656 outsize=201 ok=1
Cmd: compileComputeKernel
  api=4 insize=8599656 outsize=201 ok=1
Cmd: compileComputeKernel
  api=4 insize=8599656 outsize=201 ok=1
Cmd: compileComputeKernel
  api=4 insize=8599656 outsize=201 ok=1
Cmd: compileComputeKernel
  api=4 insize=8599656 outsize=201 ok=1
Cmd: compileComputeKernel
  api=4 insize=8599656 outsize=201 ok=1
Cmd: compileComputeKernel
  api=4 insize=8599656 outsize=201 ok=1
Cmd: compileComputeKernel
  api=4 insize=8599656 outsize=201 ok=1
Cmd: compileComputeKernel
  api=4 insize=8599656 outsize=201 ok=1
Cmd: compileComputeKernel
  api=4 insize=8599656 outsize=201 ok=1
Cmd: compileComputeKernel
  api=4 insize=8599656 outsize=201 ok=1
Cmd: compileComputeKernel
  api=4 insize=8599656 outsize=201 ok=1
Cmd: compileComputeKernel
  api=4 insize=8599656 outsize=201 ok=1
Cmd: compileComputeKernel
  api=4 insize=8599656 outsize=201 ok=1
Cmd: compileComputeKernel
  api=4 insize=8599656 outsize=201 ok=1
Cmd: compileComputeKernel
  api=4 insize=8599656 outsize=201 ok=1
Cmd: compileComputeKernel
  api=4 insize=8599656 outsize=201 ok=1
Cmd: compileComputeKernel
  api=4 insize=8599656 outsize=201 ok=1
Cmd: compileComputeKernel
  api=4 insize=8599656 outsize=201 ok=1
Cmd: compileComputeKernel
  api=4 insize=8599656 outsize=201 ok=1
Cmd: compileComputeKernel
  api=4 insize=8599656 outsize=201 ok=1
Cmd: compileComputeKernel
  api=4 insize=8599656 outsize=201 ok=1
Cmd: compileComputeKernel
  api=4 insize=8599656 outsize=201 ok=1
Cmd: compileComputeKernel
  api=4 insize=8599656 outsize=201 ok=1
Cmd: compileComputeKernel
  api=4 insize=8599656 outsize=201 ok=1
Cmd: compileComputeKernel
  api=4 insize=8599656 outsize=201 ok=1
Cmd: compileComputeKernel
  api=4 insize=8599656 outsize=201 ok=1
Cmd: compileComputeKernel
  api=4 insize=8599656 outsize=201 ok=1
Cmd: compileComputeKernel
  api=4 insize=8599656 outsize=201 ok=1
Cmd: compileComputeKernel
  api=4 insize=8599656 outsize=201 ok=1
Cmd: compileComputeKernel
  api=4 insize=8599656 outsize=201 ok=1
Cmd: compileComputeKernel
  api=4 insize=8599656 outsize=201 ok=1
Cmd: compileComputeKernel
  api=4 insize=8599656 outsize=201 ok=1
Cmd: compileComputeKernel
  api=4 insize=8599656 outsize=201 ok=1
Cmd: compileComputeKernel
  api=4 insize=8599656 outsize=201 ok=1
Cmd: compileComputeKernel
  api=4 insize=8599656 outsize=201 ok=1
Cmd: compileComputeKernel
  api=4 insize=8599656 outsize=201 ok=1
Cmd: compileComputeKernel
  api=4 insize=8599656 outsize=201 ok=1
Cmd: compileComputeKernel
  api=4 insize=8599656 outsize=201 ok=1
Cmd: compileComputeKernel
  api=4 insize=8599656 outsize=201 ok=1
Cmd: compileComputeKernel
  api=4 insize=8599656 outsize=201 ok=1
Cmd: compileComputeKernel
  api=4 insize=8599656 outsize=201 ok=1
Cmd: compileComputeKernel
  api=4 insize=8599656 outsize=201 ok=1
Cmd: compileComputeKernel
  api=4 insize=8599656 outsize=201 ok=1
Cmd: compileComputeKernel
  api=4 insize=8599656 outsize=201 ok=1
Cmd: compileComputeKernel
  api=4 insize=8599656 outsize=201 ok=1
Cmd: compileComputeKernel
  api=4 insize=8599656 outsize=201 ok=1
Cmd: compileComputeKernel
  api=4 insize=8599656 outsize=201 ok=1
Cmd: compileComputeKernel
  api=4 insize=8599656 outsize=201 ok=1
Cmd: compileComputeKernel
  api=4 insize=8599656 outsize=201 ok=1
Cmd: compileComputeKernel
  api=4 insize=8599656 outsize=201 ok=1
Cmd: compileComputeKernel
  api=4 insize=8599656 outsize=201 ok=1
Cmd: compileComputeKernel
  api=4 insize=8599656 outsize=201 ok=1
Cmd: compileComputeKernel
  api=4 insize=8599656 outsize=201 ok=1
Cmd: compileComputeKernel
  api=4 insize=8599656 outsize=201 ok=1
Cmd: compileComputeKernel
  api=4 insize=8599656 outsize=201 ok=1
Cmd: compileComputeKernel
  api=4 insize=8599656 outsize=201 ok=1
Cmd: compileComputeKernel
  api=4 insize=8599656 outsize=201 ok=1
Cmd: compileComputeKernel
  api=4 insize=8599656 outsize=201 ok=1
Cmd: compileComputeKernel
  api=4 insize=8599656 outsize=201 ok=1
Cmd: compileComputeKernel
  api=4 insize=8599656 outsize=201 ok=1
Cmd: compileComputeKernel
  api=4 insize=8599656 outsize=201 ok=1
Cmd: compileComputeKernel
  api=4 insize=8599656 outsize=201 ok=1
Cmd: compileComputeKernel
  api=4 insize=8599656 outsize=201 ok=1
Cmd: compileComputeKernel
  api=4 insize=8599656 outsize=201 ok=1
Cmd: compileComputeKernel
  api=4 insize=8599656 outsize=201 ok=1
Cmd: compileComputeKernel
  api=4 insize=8599656 outsize=201 ok=1
Cmd: compileComputeKernel
  api=4 insize=8599656 outsize=201 ok=1
Cmd: compileComputeKernel
  api=4 insize=8599656 outsize=201 ok=1
Cmd: compileComputeKernel
  api=4 insize=8599656 outsize=201 ok=1
Cmd: compileComputeKernel
  api=4 insize=8599656 outsize=201 ok=1
Cmd: compileComputeKernel
  api=4 insize=8599656 outsize=201 ok=1
Cmd: compileComputeKernel
  api=4 insize=8599656 outsize=201 ok=1
Cmd: compileComputeKernel
  api=4 insize=8599656 outsize=201 ok=1
Cmd: compileComputeKernel
  api=4 insize=8599656 outsize=201 ok=1
Cmd: compileComputeKernel
  api=4 insize=8599656 outsize=201 ok=1
Cmd: compileComputeKernel
  api=4 insize=8599656 outsize=201 ok=1
Cmd: compileComputeKernel
  api=4 insize=8599656 outsize=201 ok=1
Cmd: compileComputeKernel
  api=4 insize=8599656 outsize=201 ok=1
Cmd: compileComputeKernel
  api=4 insize=8599656 outsize=201 ok=1
Cmd: compileComputeKernel
  api=4 insize=8599656 outsize=201 ok=1
Cmd: compileComputeKernel
  api=4 insize=8599656 outsize=201 ok=1
Cmd: compileComputeKernel
  api=4 insize=8599656 outsize=201 ok=1
Cmd: compileComputeKernel
  api=4 insize=8599656 outsize=201 ok=1
Cmd: compileComputeKernel
  api=4 insize=8599656 outsize=201 ok=1
Cmd: compileComputeKernel
  api=4 insize=8599656 outsize=201 ok=1
Cmd: compileComputeKernel
  api=4 insize=8599656 outsize=201 ok=1
Cmd: compileComputeKernel
  api=4 insize=8599656 outsize=201 ok=1
Cmd: compileComputeKernel
  api=4 insize=8599656 outsize=201 ok=1
Cmd: compileComputeKernel
  api=4 insize=8599656 outsize=201 ok=1
Cmd: compileComputeKernel
  api=4 insize=8599656 outsize=201 ok=1
Cmd: compileComputeKernel
  api=4 insize=8599656 outsize=201 ok=1
Cmd: compileComputeKernel
  api=4 insize=8599656 outsize=201 ok=1
Cmd: compileComputeKernel
  api=4 insize=8599656 outsize=201 ok=1
Cmd: compileComputeKernel
  api=4 insize=8599656 outsize=201 ok=1
Cmd: compileComputeKernel
  api=4 insize=8599656 outsize=201 ok=1
Cmd: compileComputeKernel
  api=4 insize=8599656 outsize=201 ok=1
Cmd: compileComputeKernel
  api=4 insize=8599656 outsize=201 ok=1
Cmd: compileComputeKernel
  api=4 insize=8599656 outsize=201 ok=1
Cmd: compileComputeKernel
  api=4 insize=8599656 outsize=201 ok=1
Cmd: compileComputeKernel
  api=4 insize=8599656 outsize=201 ok=1
Cmd: compileComputeKernel
  api=4 insize=8599656 outsize=201 ok=1
Cmd: compileComputeKernel
  api=4 insize=8599656 outsize=201 ok=1
Cmd: compileComputeKernel
  api=4 insize=8599656 outsize=201 ok=1
Cmd: compileComputeKernel
  api=4 insize=8599656 outsize=201 ok=1
Cmd: compileComputeKernel
  api=4 insize=8599656 outsize=201 ok=1
Cmd: compileComputeKernel
  api=4 insize=8599656 outsize=201 ok=1
Cmd: compileComputeKernel
  api=4 insize=8599656 outsize=201 ok=1
Cmd: compileComputeKernel
